qemu-system-x86_64 -cdrom build/outrun-os-0.51.0.iso -m 512M -nographic -no-reboot -vga none -device virtio-vga -audiodev none,id=snd0 -device virtio-sound-pci,audiodev=snd0 -drive file=build/vblk.img,if=none,format=raw,id=vd0 -device virtio-blk-pci,drive=vd0,disable-legacy=on,disable-modern=off -netdev user,id=n0 -device virtio-net-pci,netdev=n0,disable-legacy=on,disable-modern=off,mac=52:54:00:ab:cd:ef
c[?7l[2J[0mSeaBIOS (version 1.16.3-debian-1.16.3-2)


iPXE (https://ipxe.org) 00:05.0 CA00 PCI2.10 PnP PMM+1EFCAEC0+1EF0AEC0 CA00
Press Ctrl-B to configure iPXE (PCI 00:05.0)...                                                                               


Booting from Hard Disk...
Boot failed: not a bootable disk

Booting from Floppy...
Boot failed: could not read the boot disk

Booting from DVD/CD...
[01;01H[2J[02;30HGNU GRUB  version 2.12[04;02H┌────────────────────────────────────────────────────────────────────────────┐[05;02H│[05;79H│[06;02H│[06;79H│[07;02H│[07;79H│[08;02H│[08;79H│[09;02H│[09;79H│[10;02H│[10;79H│[11;02H│[11;02H[11;79H│[12;02H│[12;79H│[13;02H│[13;79H│[14;02H│[14;79H│[15;02H│[15;79H│[16;02H│[16;79H│[17;02H│[17;79H│[18;02H└────────────────────────────────────────────────────────────────────────────┘[20;02H     Use the ↑ and ↓ keys to select which entr[20;47H[20;48Hy is highlighted.          
      Press enter to boot the selected OS, `e' to edit the commands       
      before booting or `c' for a command-line.                           [05;80H [05;03H[0;30;47m*Outrun OS (kernel 0.30.0-metal)                                            [06;03H[0m                                                                            [07;03H                                                                            [08;03H                                                                            [09;03H                                                                            [10;03H                                 [10;35H[10;36H                                           [11;03H                                                                            [12;03H                             [12;31H[12;32H                                               [13;03H                                                                            [14;03H                         [14;27H[14;28H                                                   [15;03H                                                                            [16;03H                                                                            [17;03H                                                                            [17;80H 





   T[23;04H[23;05Hhe highlighted entry will be executed automatically in 2s.                 [05;78H

















   The highlighted entry will be executed automatically in 1s.                 [05;78H

















   The highlighted entry will be executed automatically in 0s.                 [23;79H[01;01H[2J[2J
  ....................................................................
  :   OUTRUN OS  --  bare-metal kernel 0.51.0-metal                   :
  :   Assembly bootstrap -> x86_64 long mode -> freestanding C core  :
  ....................................................................

[kernel ] long mode active, kernel at 1 MiB, first GiB identity-mapped
[kernel ] IDT loaded (52 vectors incl. IPI 48-50 + slice tick 51), PIC remapped, PIT @ 100 Hz, IRQs on
[kernel ] consoles: VGA text + COM1 serial (115200 8N1) — both live
[kernel ] booted by: GRUB 2.12-1ubuntu7.3
[kernel ] boot module 'user_init.elf' at phys 00000000001f0000..00000000001f3e50 (user ELF)
[kernel ] physical memory map (Multiboot2):
           0000000000000000 + 000000000009fc00  USABLE RAM
           000000000009fc00 + 0000000000000400  reserved
           00000000000f0000 + 0000000000010000  reserved
           0000000000100000 + 000000001fedd000  USABLE RAM
           000000001ffdd000 + 0000000000023000  reserved
           00000000fffc0000 + 0000000000040000  reserved
           000000fd00000000 + 0000000300000000  reserved
           total usable: 511 MiB
[kernel ] framebuffer: 1024x768 x32 bpp, pitch 4096, phys 00000000fe000000
[acpi   ] RSDP (ACPI 1.0) provided by bootloader
[kernel ] capability table initialized (16 slots, kernel-owned)
[kernel ] paging: boot PML4 @ phys 000000000011a000; process frame pool from 16 MiB
[kernel ] W^X enforced: kernel .text R+X, all other pages RW+NX
[sweep  ] descriptor-table integrity sweep armed: 64 entries/tick @ 100 Hz

-- real 4-level page-table hardware passthrough --
[hw     ] device 'sensor0' registers at phys 0000000001001000, sentinel 0x00000000cafebabe, requires CAMERA
[kernel ] spawned pid 1 'stream-app' caps 0000000000000003 — private PML4 @ phys 0000000001002000
[kernel ] spawned pid 2 'sketchy-app' caps 0000000000000020 — private PML4 @ phys 0000000001003000

[test   ] authorized process maps the device:
[hw     ] GRANT  pid 1 'stream-app' -> 'sensor0': phys 0000000001001000 mapped at vaddr 0000400040000000 (1 pages)
[paging ] 'stream-app' PTE: vaddr 0000400040000000 -> phys 0000000001001000
[paging ] 'stream-app' read through its OWN address space: 0x00000000cafebabe  == sentinel (REAL mapping resolves)

[test   ] unauthorized process attempts the same device:
[hw     ] DENIED pid 2 'sketchy-app' -> 'sensor0': lacks CAP_HW_PASSTHROUGH
[paging ] 'sketchy-app' passthrough returned -2; device vaddr present in its space? NO (sandboxed, nothing mapped)
-- done: authorized app holds a real MMIO mapping; unauthorized was dropped --
[iommu  ] no DMAR table — platform has no VT-d remapping hardware

[pci    ] enumerating bus 0 (config mechanism #1, ports 0xCF8/0xCFC):
[pci    ]   0:00.0  vendor 8086 device 1237 class 600
[pci    ]   1:00.0  vendor 8086 device 7000 class 601
[pci    ]   2:00.0  vendor 1af4 device 1050 class 300
[vgpu   ] virtio-gpu at 0:2.0 — bringing up control queue
[vgpu   ] DRIVER_OK — controlq size 16, notify_off 0 — READY (2D resources only, polling completion)
[pci    ]   3:00.0  vendor 1af4 device 1059 class 401
[DIAG] SOUND PROBE SKIPPED (bisect)
[pci    ]   4:00.0  vendor 1af4 device 1042 class 100
[vblk   ] virtio-blk at 0:4.0 — bringing up modern driver
[vblk   ] device features: hi 101 lo 30006e54 (VERSION_1=1)
[vblk   ] capacity: 8192 sectors (4 MiB)
[vblk   ] DRIVER_OK — queue0 size 64, notify_off 0, mult 4 — READY
[vblk   ] interrupt-driven: INTx on IRQ 11 (vector 43), ISR reg mapped
[pci    ]   5:00.0  vendor 1af4 device 1041 class 200
[vnet   ] virtio-net at 0:5.0 — bringing up modern driver
[vnet   ] MAC 52:54:0:ab:cd:ef
[vnet   ] DRIVER_OK — rxq 16 txq 16, INTx IRQ 10 — READY
[sched  ] round-robin up: main=tid0, idle=tid1 (PIT preemption on demand)
[poly   ] C++ SPSC ring: pushed 12, popped 12 -> "polyglot-ipc" (depth 0)
-- content-addressable storage on virtio-blk (Rust-hashed) --
[cas    ] no volume signature; formatting a fresh CAS volume
[cas    ] formatted 8192 blocks: bitmap@1(2) index@3(16) dir@19(15) vjrnl@34(16) cjrnl@50(4) data@54
[cas    ] put len 46 hash 155c834afdff66eb -> block 54 (stored)
[cas    ] put len 47 hash bc6c7bd024077f72 -> block 55 (stored)
[cas    ] put len 46 hash 155c834afdff66eb -> DEDUP to block 54 (no write)
[cas    ] get 155c834afdff66eb -> "Hello, Outrun CAS! The content is the address." (46 bytes read from disk)
[cas    ] dedup: hash(a)==hash(a')? YES ; blocks used this run +2
[vblk   ] I/O completions delivered by INTERRUPT: 85
-- done (state persisted to disk) --
-- VFS: named files over CAS (multi-block, dedup, copy-on-write) --
[cas    ] put len 70 hash 84244543d2d93a3d -> block 56 (stored)
[cas    ] put len 512 hash aea49363f1ef848d -> block 57 (stored)
[cas    ] put len 512 hash fb04efdab6d2ed4d -> block 58 (stored)
[cas    ] put len 376 hash 7f4fe244e98a0963 -> block 59 (stored)
[vfs    ] directory:
[vfs    ]   motd  (70 bytes, 1 chunks, hash 84244543d2d93a3d)
[vfs    ]   readme  (1400 bytes, 3 chunks, hash 0abbc20b3944d403)
[vfs    ] read 'readme' (1400 bytes, spans 3 blocks): content verified
[cas    ] put len 32 hash 50fc444c0771b178 -> block 60 (stored)
[vfs    ] copy-on-write 'motd': hash 84244543d2d93a3d -> 50fc444c0771b178 (immutable blocks, name repointed)
[cas    ] put len 512 hash aea49363f1ef848d -> DEDUP to block 57 (no write)
[cas    ] put len 512 hash fb04efdab6d2ed4d -> DEDUP to block 58 (no write)
[cas    ] put len 376 hash 7f4fe244e98a0963 -> DEDUP to block 59 (no write)
[vfs    ] 'readme_copy' identical to 'readme' -> blocks used +0 (CAS dedup)
-- done --
-- preemptive scheduler + multiple outstanding I/O --
[sched  ] submitted 8 reads without blocking; in-flight now 8
[sched  ] all 8 done; PEAK concurrent in-flight tags = 8
[worker ] tid5 did 4 write+read cycles: verified
[worker ] tid2 did 4 write+read cycles: verified
[worker ] tid3 did 4 write+read cycles: verified
[worker ] tid4 did 4 write+read cycles: verified
[sched  ] 4 worker threads completed; wakes routed to specific TIDs
[sched  ] preemption proof: non-yielding spinner advanced to 17303717 while main
[sched  ]   also ran (0 would mean no time-slicing occurred)
[vblk   ] lifetime interrupt completions: 267
-- done --
-- async IRQ routing: NIC interrupt wakes a parked thread --
[netd   ] tid2 holds CAP_NETWORK; TX ARP who-has 10.0.2.2
[netd   ] sys_wait_event(NET_RX): parking until the NIC interrupts...
[netd   ] woken by IRQ; RX 76 bytes, ethertype 806
[netd   ] ARP reply: 10.0.2.2 is-at 52:55:a:0:2:2 (parsed in place)
[net    ] zero-copy IP/UDP router: DHCP round-trip through a port filter
[dhcpd  ] tid2 bound UDP port 68 -> execution slot 0
[dhcpd  ] TX DHCPDISCOVER (291 bytes), waiting on port-68 slot...
[dhcpd  ] router delivered 548-byte UDP payload (zero-copy pointer)
[dhcpd  ] DHCP OFFER: offered IP 10.0.2.15, server 10.0.2.2
-- done --
-- Time-Stream Engine: chronological index + local vector query --
[stream ] chronological timeline (9 events, all vector-indexed):
[stream ]  #0  t=26  FILE  vfs: wrote file motd
[stream ]  #1  t=32  FILE  vfs: wrote file readme
[stream ]  #2  t=36  FILE  vfs: wrote file motd
[stream ]  #3  t=40  FILE  vfs: wrote file readme_copy
[stream ]  #4  t=66  COMM  Sarah: shared the Q3 revenue chart deck
[stream ]  #5  t=66  COMM  DevTeam: merged the microkernel scheduler patch
[stream ]  #6  t=66  COMM  Ops: flagged a network gateway DHCP change
[stream ]  #7  t=66  SYS   netd: received DHCP offer 10.0.2.15 from gateway
[stream ]  #8  t=66  SYS   sched: ran four concurrent worker threads
[stream ] query "the Q3 chart Sarah sent":
[stream ]   -> COMM Sarah: shared the Q3 revenue chart deck  (score 4)
[stream ]   -> COMM DevTeam: merged the microkernel scheduler patch  (score 1)
[stream ] query "scheduler patch":
[stream ]   -> COMM DevTeam: merged the microkernel scheduler patch  (score 2)
[stream ] query "dhcp gateway address":
[stream ]   -> COMM Ops: flagged a network gateway DHCP change  (score 2)
[stream ]   -> SYS  netd: received DHCP offer 10.0.2.15 from gateway  (score 2)
-- done --
-- PRODUCTION VALIDATION MATRIX --
[valid  ] capability audit:
[kernel ] spawned pid 3 'audit-none' caps 0000000000000000 — private PML4 @ phys 0000000001017000
[kernel ] spawned pid 4 'audit-fs' caps 0000000000000020 — private PML4 @ phys 0000000001018000
[valid  ]  PASS  sys_open  denied w/o CAP_FILESYSTEM
[valid  ]  PASS  sys_read  denied w/o CAP_FILESYSTEM
[valid  ]  PASS  sys_write denied w/o CAP_FILESYSTEM
[valid  ]  PASS  sys_wait_event denied w/o CAP_NETWORK
[valid  ]  PASS  sys_map_fb denied w/o CAP_FRAMEBUFFER
[valid  ]  PASS  sys_open  passes cap gate w/ CAP_FILESYSTEM
[valid  ] ELF loader bounds-checking:
[elf    ] PT_LOAD vaddr 0000500000000000 filesz 0000000000000000 memsz 0000000000001000 (ro) -> mapped USER (bounds ok)
[valid  ]  PASS  valid minimal ELF accepted
[elf    ] reject: image smaller than ELF header
[valid  ]  PASS  reject: image smaller than header
[elf    ] reject: program header table out of bounds
[valid  ]  PASS  reject: phdr table out of bounds
[elf    ] reject: segment file range out of bounds
[valid  ]  PASS  reject: segment file range out of bounds
[elf    ] reject: segment vaddr 0000000000001000 outside user range
[valid  ]  PASS  reject: segment vaddr outside user range
[elf    ] reject: entry 0000000000001000 outside user range
[valid  ]  PASS  reject: entry outside user range
[elf    ] reject: memsz < filesz
[valid  ]  PASS  reject: memsz < filesz
[valid  ] CAS/VFS round-trip integrity:
[cas    ] put len 512 hash 6404ff35e8dec725 -> block 61 (stored)
[valid  ]  PASS  CAS put/get byte-exact round-trip
[cas    ] put len 512 hash 6404ff35e8dec725 -> DEDUP to block 61 (no write)
[valid  ]  PASS  CAS dedup: identical put -> same hash
[valid  ]  PASS  CAS dedup: identical put -> no new block
[valid  ]  PASS  CAS get of unknown hash -> not found
[cas    ] put len 512 hash 510b231af2415325 -> block 62 (stored)
[cas    ] put len 512 hash 510b231af2415325 -> DEDUP to block 62 (no write)
[cas    ] put len 276 hash ab06722f02efa055 -> block 63 (stored)
[valid  ]  PASS  VFS multi-block write/read round-trip
[cas    ] put len 512 hash 510b231af2415325 -> DEDUP to block 62 (no write)
[cas    ] put len 388 hash 668072e4108a11d5 -> block 64 (stored)
[valid  ]  PASS  VFS copy-on-write changes file hash
[valid  ] RESULT: 19 passed, 0 failed
[valid  ] ALL CHECKS PASSED — image is production-verified
-- done --
-- EXHAUSTIVE ISOLATION & HARDENING INVARIANTS --
[kernel ] spawned pid 5 'inv-cap' caps 0000000000000000 — private PML4 @ phys 0000000001022000
[invar  ]  PASS  no cap-mask escalates sys_open
[invar  ]  PASS  no cap-mask escalates sys_read
[invar  ]  PASS  no cap-mask escalates sys_write_file
[invar  ]  PASS  no cap-mask escalates sys_wait_event
[invar  ]  PASS  no cap-mask escalates sys_map_framebuffer
[hw     ] DENIED pid 5 'inv-cap' -> 'sensor0': lacks CAP_HW_PASSTHROUGH
[hw     ] DENIED pid 5 'inv-cap' -> 'sensor0': lacks CAP_HW_PASSTHROUGH
[hw     ] DENIED pid 5 'inv-cap' -> 'sensor0': lacks CAP_HW_PASSTHROUGH
[hw     ] DENIED pid 5 'inv-cap' -> 'sensor0': lacks CAP_HW_PASSTHROUGH
[hw     ] DENIED pid 5 'inv-cap' -> 'sensor0': lacks CAP_HW_PASSTHROUGH
[hw     ] DENIED pid 5 'inv-cap' -> 'sensor0': lacks CAP_HW_PASSTHROUGH
[hw     ] DENIED pid 5 'inv-cap' -> 'sensor0': lacks CAP_HW_PASSTHROUGH
[hw     ] DENIED pid 5 'inv-cap' -> 'sensor0': lacks CAP_HW_PASSTHROUGH
[hw     ] DENIED pid 5 'inv-cap' -> 'sensor0': lacks CAP_HW_PASSTHROUGH
[hw     ] DENIED pid 5 'inv-cap' -> 'sensor0': lacks CAP_HW_PASSTHROUGH
[hw     ] DENIED pid 5 'inv-cap' -> 'sensor0': lacks CAP_HW_PASSTHROUGH
[hw     ] DENIED pid 5 'inv-cap' -> 'sensor0': lacks CAP_HW_PASSTHROUGH
[hw     ] DENIED pid 5 'inv-cap' -> 'sensor0': lacks CAP_HW_PASSTHROUGH
[hw     ] DENIED pid 5 'inv-cap' -> 'sensor0': lacks CAP_HW_PASSTHROUGH
[hw     ] DENIED pid 5 'inv-cap' -> 'sensor0': lacks CAP_HW_PASSTHROUGH
[hw     ] DENIED pid 5 'inv-cap' -> 'sensor0': lacks CAP_HW_PASSTHROUGH
[hw     ] DENIED pid 5 'inv-cap' -> 'sensor0': lacks CAP_HW_PASSTHROUGH
[hw     ] DENIED pid 5 'inv-cap' -> 'sensor0': lacks CAP_HW_PASSTHROUGH
[hw     ] DENIED pid 5 'inv-cap' -> 'sensor0': lacks CAP_HW_PASSTHROUGH
[hw     ] DENIED pid 5 'inv-cap' -> 'sensor0': lacks CAP_HW_PASSTHROUGH
[hw     ] DENIED pid 5 'inv-cap' -> 'sensor0': lacks CAP_HW_PASSTHROUGH
[hw     ] DENIED pid 5 'inv-cap' -> 'sensor0': lacks CAP_HW_PASSTHROUGH
[hw     ] DENIED pid 5 'inv-cap' -> 'sensor0': lacks CAP_HW_PASSTHROUGH
[hw     ] DENIED pid 5 'inv-cap' -> 'sensor0': lacks CAP_HW_PASSTHROUGH
[hw     ] DENIED pid 5 'inv-cap' -> 'sensor0': lacks CAP_HW_PASSTHROUGH
[hw     ] DENIED pid 5 'inv-cap' -> 'sensor0': lacks CAP_HW_PASSTHROUGH
[hw     ] DENIED pid 5 'inv-cap' -> 'sensor0': lacks CAP_HW_PASSTHROUGH
[hw     ] DENIED pid 5 'inv-cap' -> 'sensor0': lacks CAP_HW_PASSTHROUGH
[hw     ] DENIED pid 5 'inv-cap' -> 'sensor0': lacks CAP_HW_PASSTHROUGH
[hw     ] DENIED pid 5 'inv-cap' -> 'sensor0': lacks CAP_HW_PASSTHROUGH
[hw     ] DENIED pid 5 'inv-cap' -> 'sensor0': lacks CAP_HW_PASSTHROUGH
[hw     ] DENIED pid 5 'inv-cap' -> 'sensor0': lacks CAP_HW_PASSTHROUGH
[invar  ]  PASS  no cap-mask escalates sys_hw_passthrough
[invar  ] capability space swept: 192/192 denial checks held
[kernel ] spawned pid 6 'inv-A' caps 0000000000000000 — private PML4 @ phys 0000000001023000
[kernel ] spawned pid 7 'inv-B' caps 0000000000000000 — private PML4 @ phys 0000000001024000
[invar  ]  PASS  same vaddr resolves to A's own frame in A
[invar  ]  PASS  same vaddr resolves to B's own frame in B
[invar  ]  PASS  processes get physically distinct frames
[invar  ]  PASS  A-private page is NOT visible in B
[invar  ]  PASS  user page PTE present + USER + WRITE
[invar  ]  PASS  kernel page reachable via shared identity
[invar  ]  PASS  kernel page is SUPERVISOR-only (ring3 blocked)
[invar  ]  PASS  processes SHARE identity PML4[0]
[invar  ]  PASS  processes SHARE device-MMIO PML4[0xC0]
[invar  ]  PASS  processes have PRIVATE user PML4[0xA0]
[kernel ] spawned pid 8 'inv-hw' caps 0000000000000003 — private PML4 @ phys 0000000001031000
[kernel ] spawned pid 9 'inv-hw2' caps 0000000000000001 — private PML4 @ phys 0000000001032000
[invar  ]  PASS  passthrough rejects invalid device handle
[hw     ] GRANT  pid 8 'inv-hw' -> 'sensor0': phys 0000000001001000 mapped at vaddr 0000400200000000 (1 pages)
[invar  ]  PASS  passthrough grants valid device w/ HW+device cap
[hw     ] DENIED pid 9 'inv-hw2' -> 'sensor0': missing device capability
[invar  ]  PASS  passthrough denies device w/o its device-cap (2-level gate)
[invar  ]  PASS  granted device page is USER + cache-disabled
[invar  ]  PASS  device mapping absent from an unrelated space
[invar  ] RESULT: 21 passed, 0 failed
[invar  ] CORE SECURITY BOUNDARY VERIFIED — isolation is airtight
-- done --
[kernel ] ring-3 enabled: GDT (8 TSS slots) + BSP TSS loaded, SYSCALL/SYSRET armed
[kernel ]   STAR kern=0x08 user=0x1B, LSTAR=00000000001012f0, TSS0.rsp0=0000000000154c90
-- SMP GROUNDWORK: boot every core, prove the cross-core protocols --
[smp    ] MADT: 1 enabled cpu(s): apic0
[smp    ] BSP: apic id 0, LAPIC at 00000000fee00000 (virtual-wire kept: PIT/PIC unchanged)
[smp    ] uniprocessor boot — APs: none
-- done --

[DIAG] ===== early audio+gpu fast-path start =====
-- AUDIO STRESS: real virtio-sound PCM configure/write churn, incl. client faults --
[audstrs]  FAIL  virtio-sound device present and DRIVER_OK before audio stress can run
[audstrs] RESULT: 0 passed, 1 failed
[DIAG] ===== audstrs returned, now gpustrs (DEBUG_GPU on) =====
[DIAG] mmio: gpu_common=0000600000051000 gpu_notify=0000600000053000 snd_common=0000000000000000 snd_notify=0000000000000000 snd_isr=0000000000000000
[DIAG] gpu ctrl: desc=000000000100a000 avail=000000000100b000 used=000000000100c000 used.idx=0 last_used=0 seq_sub=0 seq_comp=0 ready=1
-- GPU STRESS: real virtio-gpu 2D resource/scanout/flush churn, incl. client faults --
[kernel ] spawned pid 10 'gpu-driver' caps 0000000000000400 — private PML4 @ phys 0000000001038000
[elf    ] PT_LOAD vaddr 0000500000000000 filesz 0000000000003988 memsz 0000000000003988 (ro) -> mapped USER (bounds ok)
[dbggpu ] fill len 40: d0.addr=00000000001732c0 d1.addr=0000000000173280 avail.idx->1 notify=0000600000053000 mul=4 noff=0 used.idx=0 qsz=16
qemu-system-x86_64: terminating on signal 15 from pid 18173 (make)
