c[?7l[2J[0mSeaBIOS (version 1.16.3-debian-1.16.3-2)


iPXE (https://ipxe.org) 00:03.0 CA00 PCI2.10 PnP PMM+1EFCACA0+1EF0ACA0 CA00
Press Ctrl-B to configure iPXE (PCI 00:03.0)...                                                                               


Booting from Hard Disk...
Boot failed: not a bootable disk

Booting from DVD/CD...
[01;01H[2J[02;30HGNU GRUB  version 2.12[04;02HŌöīŌöĆŌöĆŌöĆŌöĆŌöĆŌöĆŌöĆŌöĆŌöĆŌöĆŌöĆŌöĆŌöĆŌöĆŌöĆŌöĆŌöĆŌöĆŌöĆŌöĆŌöĆŌöĆŌöĆŌöĆŌöĆŌöĆŌöĆŌöĆŌöĆŌöĆŌöĆŌöĆŌöĆŌöĆŌöĆŌöĆŌöĆŌöĆŌöĆŌöĆŌöĆŌöĆŌöĆŌöĆŌöĆŌöĆŌöĆŌöĆŌöĆŌöĆŌöĆŌöĆŌöĆŌöĆŌöĆŌöĆŌöĆŌöĆŌöĆŌöĆŌöĆŌöĆŌöĆŌöĆŌöĆŌöĆŌöĆŌöĆŌöĆŌöĆŌöĆŌöĆŌöĆŌöĆŌöĆŌöĆŌöÉ[05;02HŌöé[05;79HŌöé[06;02HŌöé[06;79HŌöé[07;02HŌöé[07;79HŌöé[08;02HŌöé[08;79HŌöé[09;02HŌöé[09;79HŌöé[10;02HŌöé[10;79HŌöé[11;02HŌöé[11;79HŌöé[12;02HŌöé[12;79HŌöé[13;02HŌöé[13;79HŌöé[14;02HŌöé[14;79HŌöé[15;02HŌöé[15;79HŌöé[16;02HŌöé[16;79HŌöé[17;02HŌöé[17;79HŌöé[18;02HŌööŌöĆŌöĆŌöĆŌöĆŌöĆŌöĆŌöĆŌöĆŌöĆŌöĆŌöĆŌöĆŌöĆŌöĆŌöĆŌöĆŌöĆŌöĆŌöĆŌöĆŌöĆŌöĆŌöĆŌöĆŌöĆŌöĆŌöĆŌöĆŌöĆŌöĆŌöĆŌöĆŌöĆŌöĆŌöĆŌöĆŌöĆŌöĆŌöĆ[18;41H[18;42HŌöĆŌöĆŌöĆŌöĆŌöĆŌöĆŌöĆŌöĆŌöĆŌöĆŌöĆŌöĆŌöĆŌöĆŌöĆŌöĆŌöĆŌöĆŌöĆŌöĆŌöĆŌöĆŌöĆŌöĆŌöĆŌöĆŌöĆŌöĆŌöĆŌöĆŌöĆŌöĆŌöĆŌöĆŌöĆŌöĆŌöĆŌöś[20;02H     Use the Ōåæ and Ōåō keys to select which entry is highlighted.          
      Press enter to boot the selected OS, `e' to edit the commands       
      before booting or `c' for a command-line.                           [05;80H [05;03H[0;30;47m*Outrun OS (kernel 0.30.0-metal)                                            [06;03H[0m                                                                            [07;03H                                                                            [08;03H                                                                            [09;03H                                                                   [09;69H[09;70H         [10;03H                                                                            [11;03H                                                                            [12;03H                                                                            [13;03H                                                                            [14;03H                                                                            [15;03H                                                                            [15;78H[16;03H                                                                            [17;03H                                                                            [17;78H[17;80H 





   The highlighted entry will be executed automatically in 2s.                 [05;78H

















   The highlighted entry will be executed automatically in 1s.                 [05;78H

















   The highlighted entry will be executed automatically in 0s.                 [01;01H[2J[2J
  ....................................................................
  :   OUTRUN OS  --  bare-metal kernel 0.41.0-metal                   :
  :   Assembly bootstrap -> x86_64 long mode -> freestanding C core  :
  ....................................................................

[kernel ] long mode active, kernel at 1 MiB, first GiB identity-mapped
[kernel ] IDT loaded (52 vectors incl. IPI 48-50 + slice tick 51), PIC remapped, PIT @ 100 Hz, IRQs on
[kernel ] consoles: VGA text + COM1 serial (115200 8N1) ŌĆö both live
[kernel ] booted by: GRUB 2.12-1ubuntu7.3
[kernel ] boot module 'user_init.elf' at phys 00000000001f0000..00000000001f2cf8 (user ELF)
[kernel ] physical memory map (Multiboot2):
           0000000000000000 + 000000000009fc00  USABLE RAM
           000000000009fc00 + 0000000000000400  reserved
           00000000000f0000 + 0000000000010000  reserved
           0000000000100000 + 000000001fedc000  USABLE RAM
           000000001ffdc000 + 0000000000024000  reserved
           00000000b0000000 + 0000000010000000  reserved
           00000000fed1c000 + 0000000000004000  reserved
           00000000fffc0000 + 0000000000040000  reserved
           000000fd00000000 + 0000000300000000  reserved
           total usable: 511 MiB
[kernel ] framebuffer: 1024x768 x32 bpp, pitch 4096, phys 00000000fd000000
[acpi   ] RSDP (ACPI 1.0) provided by bootloader
[kernel ] capability table initialized (16 slots, kernel-owned)
[kernel ] paging: boot PML4 @ phys 000000000012b000; process frame pool from 16 MiB
[kernel ] W^X enforced: kernel .text R+X, all other pages RW+NX
[sweep  ] descriptor-table integrity sweep armed: 64 entries/tick @ 100 Hz

-- real 4-level page-table hardware passthrough --
[hw     ] device 'sensor0' registers at phys 0000000001001000, sentinel 0x00000000cafebabe, requires CAMERA
[kernel ] spawned pid 1 'stream-app' caps 0000000000000003 ŌĆö private PML4 @ phys 0000000001002000
[kernel ] spawned pid 2 'sketchy-app' caps 0000000000000020 ŌĆö private PML4 @ phys 0000000001003000

[test   ] authorized process maps the device:
[hw     ] GRANT  pid 1 'stream-app' -> 'sensor0': phys 0000000001001000 mapped at vaddr 0000400040000000 (1 pages)
[paging ] 'stream-app' PTE: vaddr 0000400040000000 -> phys 0000000001001000
[paging ] 'stream-app' read through its OWN address space: 0x00000000cafebabe  == sentinel (REAL mapping resolves)

[test   ] unauthorized process attempts the same device:
[hw     ] DENIED pid 2 'sketchy-app' -> 'sensor0': lacks CAP_HW_PASSTHROUGH
[paging ] 'sketchy-app' passthrough returned -2; device vaddr present in its space? NO (sandboxed, nothing mapped)
-- done: authorized app holds a real MMIO mapping; unauthorized was dropped --
[iommu  ] DMAR found: host address width 39 bits, flags 0
[iommu  ] DRHD #1: regs @ phys 00000000fed90000  segment 0  scoped devices
[iommu  ] VT-d version 1.0  cap 00d2008c22260286  ecap 0000000000000f42
[iommu  ] domains 65536  MGAW 39-bit  SAGAW 2  superpages 3  no IR
[iommu  ] second-level tables: 3-level, 2 MiB pages, identity-mapped 1024 MiB
[iommu  ] DMA REMAPPING ENABLED (GSTS.TES set) ŌĆö every device DMA now walks our page tables

[pci    ] enumerating bus 0 (config mechanism #1, ports 0xCF8/0xCFC):
[pci    ]   0:00.0  vendor 8086 device 29c0 class 600
[pci    ]   1:00.0  vendor 1234 device 1111 class 300
[pci    ]   2:00.0  vendor 1af4 device 1042 class 100
[vblk   ] virtio-blk at 0:2.0 ŌĆö bringing up modern driver
[vblk   ] device features: hi 103 lo 30007e54 (VERSION_1=1)
[vblk   ] negotiated VIRTIO_F_ACCESS_PLATFORM (DMA via IOMMU)
[vblk   ] capacity: 8192 sectors (4 MiB)
[vblk   ] DRIVER_OK ŌĆö queue0 size 64, notify_off 0, mult 4 ŌĆö READY
[vblk   ] interrupt-driven: INTx on IRQ 11 (vector 43), ISR reg mapped
[pci    ]   3:00.0  vendor 1af4 device 1041 class 200
[vnet   ] virtio-net at 0:3.0 ŌĆö bringing up modern driver
[vnet   ] negotiated VIRTIO_F_ACCESS_PLATFORM (DMA via IOMMU)
[vnet   ] MAC 52:54:0:ab:cd:ef
[vnet   ] DRIVER_OK ŌĆö rxq 16 txq 16, INTx IRQ 11 ŌĆö READY
[pci    ]   31:00.0  vendor 8086 device 2918 class 601
[sched  ] round-robin up: main=tid0, idle=tid1 (PIT preemption on demand)
[poly   ] C++ SPSC ring: pushed 12, popped 12 -> "polyglot-ipc" (depth 0)
-- content-addressable storage on virtio-blk (Rust-hashed) --
[cas    ] no volume signature; formatting a fresh CAS volume
[cas    ] formatted 8192 blocks: bitmap@1(2) index@3(16) dir@19(8) data@27
[cas    ] put len 46 hash 155c834afdff66eb -> block 27 (stored)
[cas    ] put len 47 hash bc6c7bd024077f72 -> block 28 (stored)
[cas    ] put len 46 hash 155c834afdff66eb -> DEDUP to block 27 (no write)
[cas    ] get 155c834afdff66eb -> "Hello, Outrun CAS! The content is the address." (46 bytes read from disk)
[cas    ] dedup: hash(a)==hash(a')? YES ; blocks used this run +2
[vblk   ] I/O completions delivered by INTERRUPT: 48
-- done (state persisted to disk) --
-- VFS: named files over CAS (multi-block, dedup, copy-on-write) --
[cas    ] put len 70 hash 84244543d2d93a3d -> block 29 (stored)
[cas    ] put len 512 hash aea49363f1ef848d -> block 30 (stored)
[cas    ] put len 512 hash fb04efdab6d2ed4d -> block 31 (stored)
[cas    ] put len 376 hash 7f4fe244e98a0963 -> block 32 (stored)
[vfs    ] directory:
[vfs    ]   motd  (70 bytes, 1 chunks, hash 84244543d2d93a3d)
[vfs    ]   readme  (1400 bytes, 3 chunks, hash 0abbc20b3944d403)
[vfs    ] read 'readme' (1400 bytes, spans 3 blocks): content verified
[cas    ] put len 32 hash 50fc444c0771b178 -> block 33 (stored)
[vfs    ] copy-on-write 'motd': hash 84244543d2d93a3d -> 50fc444c0771b178 (immutable blocks, name repointed)
[cas    ] put len 512 hash aea49363f1ef848d -> DEDUP to block 30 (no write)
[cas    ] put len 512 hash fb04efdab6d2ed4d -> DEDUP to block 31 (no write)
[cas    ] put len 376 hash 7f4fe244e98a0963 -> DEDUP to block 32 (no write)
[vfs    ] 'readme_copy' identical to 'readme' -> blocks used +0 (CAS dedup)
-- done --
-- preemptive scheduler + multiple outstanding I/O --
[sched  ] submitted 8 reads without blocking; in-flight now 8
[sched  ] all 8 done; PEAK concurrent in-flight tags = 8
[worker ] tid2 did 4 write+read cycles: verified
[worker ] tid3 did 4 write+read cycles: verified
[worker ] tid4 did 4 write+read cycles: verified
[worker ] tid5 did 4 write+read cycles: verified
[sched  ] 4 worker threads completed; wakes routed to specific TIDs
[sched  ] preemption proof: non-yielding spinner advanced to 36806078 while main
[sched  ]   also ran (0 would mean no time-slicing occurred)
[vblk   ] lifetime interrupt completions: 173
-- done --
-- async IRQ routing: NIC interrupt wakes a parked thread --
[netd   ] tid2 holds CAP_NETWORK; TX ARP who-has 10.0.2.2
[netd   ] sys_wait_event(NET_RX): parking until the NIC interrupts...
[netd   ] woken by IRQ; RX 76 bytes, ethertype 806
[netd   ] ARP reply: 10.0.2.2 is-at 52:55:a:0:2:2 (parsed in place)
[net    ] zero-copy IP/UDP router: DHCP round-trip through a port filter
[dhcpd  ] tid2 bound UDP port 68 -> execution slot 0
[dhcpd  ] TX DHCPDISCOVER (291 bytes), waiting on port-68 slot...
[dhcpd  ] router delivered 548-byte UDP payload (zero-copy pointer)
[dhcpd  ] DHCP OFFER: offered IP 10.0.2.15, server 10.0.2.2
-- done --
-- Time-Stream Engine: chronological index + local vector query --
[stream ] chronological timeline (9 events, all vector-indexed):
[stream ]  #0  t=18  FILE  vfs: wrote file motd
[stream ]  #1  t=21  FILE  vfs: wrote file readme
[stream ]  #2  t=22  FILE  vfs: wrote file motd
[stream ]  #3  t=24  FILE  vfs: wrote file readme_copy
[stream ]  #4  t=47  COMM  Sarah: shared the Q3 revenue chart deck
[stream ]  #5  t=47  COMM  DevTeam: merged the microkernel scheduler patch
[stream ]  #6  t=47  COMM  Ops: flagged a network gateway DHCP change
[stream ]  #7  t=47  SYS   netd: received DHCP offer 10.0.2.15 from gateway
[stream ]  #8  t=47  SYS   sched: ran four concurrent worker threads
[stream ] query "the Q3 chart Sarah sent":
[stream ]   -> COMM Sarah: shared the Q3 revenue chart deck  (score 4)
[stream ]   -> COMM DevTeam: merged the microkernel scheduler patch  (score 1)
[stream ] query "scheduler patch":
[stream ]   -> COMM DevTeam: merged the microkernel scheduler patch  (score 2)
[stream ] query "dhcp gateway address":
[stream ]   -> COMM Ops: flagged a network gateway DHCP change  (score 2)
[stream ]   -> SYS  netd: received DHCP offer 10.0.2.15 from gateway  (score 2)
-- done --
-- PRODUCTION VALIDATION MATRIX --
[valid  ] capability audit:
[kernel ] spawned pid 3 'audit-none' caps 0000000000000000 ŌĆö private PML4 @ phys 0000000001018000
[kernel ] spawned pid 4 'audit-fs' caps 0000000000000020 ŌĆö private PML4 @ phys 0000000001019000
[valid  ]  PASS  sys_open  denied w/o CAP_FILESYSTEM
[valid  ]  PASS  sys_read  denied w/o CAP_FILESYSTEM
[valid  ]  PASS  sys_write denied w/o CAP_FILESYSTEM
[valid  ]  PASS  sys_wait_event denied w/o CAP_NETWORK
[valid  ]  PASS  sys_map_fb denied w/o CAP_FRAMEBUFFER
[valid  ]  PASS  sys_open  passes cap gate w/ CAP_FILESYSTEM
[valid  ] ELF loader bounds-checking:
[elf    ] PT_LOAD vaddr 0000500000000000 filesz 0000000000000000 memsz 0000000000001000 (ro) -> mapped USER (bounds ok)
[valid  ]  PASS  valid minimal ELF accepted
[elf    ] reject: image smaller than ELF header
[valid  ]  PASS  reject: image smaller than header
[elf    ] reject: program header table out of bounds
[valid  ]  PASS  reject: phdr table out of bounds
[elf    ] reject: segment file range out of bounds
[valid  ]  PASS  reject: segment file range out of bounds
[elf    ] reject: segment vaddr 0000000000001000 outside user range
[valid  ]  PASS  reject: segment vaddr outside user range
[elf    ] reject: entry 0000000000001000 outside user range
[valid  ]  PASS  reject: entry outside user range
[elf    ] reject: memsz < filesz
[valid  ]  PASS  reject: memsz < filesz
[valid  ] CAS/VFS round-trip integrity:
[cas    ] put len 512 hash 6404ff35e8dec725 -> block 34 (stored)
[valid  ]  PASS  CAS put/get byte-exact round-trip
[cas    ] put len 512 hash 6404ff35e8dec725 -> DEDUP to block 34 (no write)
[valid  ]  PASS  CAS dedup: identical put -> same hash
[valid  ]  PASS  CAS dedup: identical put -> no new block
[valid  ]  PASS  CAS get of unknown hash -> not found
[cas    ] put len 512 hash 510b231af2415325 -> block 35 (stored)
[cas    ] put len 512 hash 510b231af2415325 -> DEDUP to block 35 (no write)
[cas    ] put len 276 hash ab06722f02efa055 -> block 36 (stored)
[valid  ]  PASS  VFS multi-block write/read round-trip
[cas    ] put len 512 hash 510b231af2415325 -> DEDUP to block 35 (no write)
[cas    ] put len 388 hash 668072e4108a11d5 -> block 37 (stored)
[valid  ]  PASS  VFS copy-on-write changes file hash
[valid  ] RESULT: 19 passed, 0 failed
[valid  ] ALL CHECKS PASSED ŌĆö image is production-verified
-- done --
-- EXHAUSTIVE ISOLATION & HARDENING INVARIANTS --
[kernel ] spawned pid 5 'inv-cap' caps 0000000000000000 ŌĆö private PML4 @ phys 0000000001023000
[invar  ]  PASS  no cap-mask escalates sys_open
[invar  ]  PASS  no cap-mask escalates sys_read
[invar  ]  PASS  no cap-mask escalates sys_write_file
[invar  ]  PASS  no cap-mask escalates sys_wait_event
[invar  ]  PASS  no cap-mask escalates sys_map_framebuffer
[hw     ] DENIED pid 5 'inv-cap' -> 'sensor0': lacks CAP_HW_PASSTHROUGH
[hw     ] DENIED pid 5 'inv-cap' -> 'sensor0': lacks CAP_HW_PASSTHROUGH
[hw     ] DENIED pid 5 'inv-cap' -> 'sensor0': lacks CAP_HW_PASSTHROUGH
[hw     ] DENIED pid 5 'inv-cap' -> 'sensor0': lacks CAP_HW_PASSTHROUGH
[hw     ] DENIED pid 5 'inv-cap' -> 'sensor0': lacks CAP_HW_PASSTHROUGH
[hw     ] DENIED pid 5 'inv-cap' -> 'sensor0': lacks CAP_HW_PASSTHROUGH
[hw     ] DENIED pid 5 'inv-cap' -> 'sensor0': lacks CAP_HW_PASSTHROUGH
[hw     ] DENIED pid 5 'inv-cap' -> 'sensor0': lacks CAP_HW_PASSTHROUGH
[hw     ] DENIED pid 5 'inv-cap' -> 'sensor0': lacks CAP_HW_PASSTHROUGH
[hw     ] DENIED pid 5 'inv-cap' -> 'sensor0': lacks CAP_HW_PASSTHROUGH
[hw     ] DENIED pid 5 'inv-cap' -> 'sensor0': lacks CAP_HW_PASSTHROUGH
[hw     ] DENIED pid 5 'inv-cap' -> 'sensor0': lacks CAP_HW_PASSTHROUGH
[hw     ] DENIED pid 5 'inv-cap' -> 'sensor0': lacks CAP_HW_PASSTHROUGH
[hw     ] DENIED pid 5 'inv-cap' -> 'sensor0': lacks CAP_HW_PASSTHROUGH
[hw     ] DENIED pid 5 'inv-cap' -> 'sensor0': lacks CAP_HW_PASSTHROUGH
[hw     ] DENIED pid 5 'inv-cap' -> 'sensor0': lacks CAP_HW_PASSTHROUGH
[hw     ] DENIED pid 5 'inv-cap' -> 'sensor0': lacks CAP_HW_PASSTHROUGH
[hw     ] DENIED pid 5 'inv-cap' -> 'sensor0': lacks CAP_HW_PASSTHROUGH
[hw     ] DENIED pid 5 'inv-cap' -> 'sensor0': lacks CAP_HW_PASSTHROUGH
[hw     ] DENIED pid 5 'inv-cap' -> 'sensor0': lacks CAP_HW_PASSTHROUGH
[hw     ] DENIED pid 5 'inv-cap' -> 'sensor0': lacks CAP_HW_PASSTHROUGH
[hw     ] DENIED pid 5 'inv-cap' -> 'sensor0': lacks CAP_HW_PASSTHROUGH
[hw     ] DENIED pid 5 'inv-cap' -> 'sensor0': lacks CAP_HW_PASSTHROUGH
[hw     ] DENIED pid 5 'inv-cap' -> 'sensor0': lacks CAP_HW_PASSTHROUGH
[hw     ] DENIED pid 5 'inv-cap' -> 'sensor0': lacks CAP_HW_PASSTHROUGH
[hw     ] DENIED pid 5 'inv-cap' -> 'sensor0': lacks CAP_HW_PASSTHROUGH
[hw     ] DENIED pid 5 'inv-cap' -> 'sensor0': lacks CAP_HW_PASSTHROUGH
[hw     ] DENIED pid 5 'inv-cap' -> 'sensor0': lacks CAP_HW_PASSTHROUGH
[hw     ] DENIED pid 5 'inv-cap' -> 'sensor0': lacks CAP_HW_PASSTHROUGH
[hw     ] DENIED pid 5 'inv-cap' -> 'sensor0': lacks CAP_HW_PASSTHROUGH
[hw     ] DENIED pid 5 'inv-cap' -> 'sensor0': lacks CAP_HW_PASSTHROUGH
[hw     ] DENIED pid 5 'inv-cap' -> 'sensor0': lacks CAP_HW_PASSTHROUGH
[invar  ]  PASS  no cap-mask escalates sys_hw_passthrough
[invar  ] capability space swept: 192/192 denial checks held
[kernel ] spawned pid 6 'inv-A' caps 0000000000000000 ŌĆö private PML4 @ phys 0000000001024000
[kernel ] spawned pid 7 'inv-B' caps 0000000000000000 ŌĆö private PML4 @ phys 0000000001025000
[invar  ]  PASS  same vaddr resolves to A's own frame in A
[invar  ]  PASS  same vaddr resolves to B's own frame in B
[invar  ]  PASS  processes get physically distinct frames
[invar  ]  PASS  A-private page is NOT visible in B
[invar  ]  PASS  user page PTE present + USER + WRITE
[invar  ]  PASS  kernel page reachable via shared identity
[invar  ]  PASS  kernel page is SUPERVISOR-only (ring3 blocked)
[invar  ]  PASS  processes SHARE identity PML4[0]
[invar  ]  PASS  processes SHARE device-MMIO PML4[0xC0]
[invar  ]  PASS  processes have PRIVATE user PML4[0xA0]
[kernel ] spawned pid 8 'inv-hw' caps 0000000000000003 ŌĆö private PML4 @ phys 0000000001032000
[kernel ] spawned pid 9 'inv-hw2' caps 0000000000000001 ŌĆö private PML4 @ phys 0000000001033000
[invar  ]  PASS  passthrough rejects invalid device handle
[hw     ] GRANT  pid 8 'inv-hw' -> 'sensor0': phys 0000000001001000 mapped at vaddr 0000400200000000 (1 pages)
[invar  ]  PASS  passthrough grants valid device w/ HW+device cap
[hw     ] DENIED pid 9 'inv-hw2' -> 'sensor0': missing device capability
[invar  ]  PASS  passthrough denies device w/o its device-cap (2-level gate)
[invar  ]  PASS  granted device page is USER + cache-disabled
[invar  ]  PASS  device mapping absent from an unrelated space
[invar  ] RESULT: 21 passed, 0 failed
[invar  ] CORE SECURITY BOUNDARY VERIFIED ŌĆö isolation is airtight
-- done --
[kernel ] ring-3 enabled: GDT (8 TSS slots) + BSP TSS loaded, SYSCALL/SYSRET armed
[kernel ]   STAR kern=0x08 user=0x1B, LSTAR=00000000001012f0, TSS0.rsp0=0000000000178640
-- SMP GROUNDWORK: boot every core, prove the cross-core protocols --
[smp    ] MADT: 4 enabled cpu(s): apic0 apic1 apic2 apic3
[smp    ] BSP: apic id 0, LAPIC at 00000000fee00000 (virtual-wire kept: PIT/PIC unchanged)
[smp    ] trampoline staged: 166 bytes at 0000000000008000 (R+X), mailbox at 0000000000009000 (RW+NX)
[smp    ] cpu1 online: long mode, own TSS (sel 0000000000000040)+SYSCALL, LAPIC id 1, gs 00000000001e99d8
[smp    ] cpu2 online: long mode, own TSS (sel 0000000000000050)+SYSCALL, LAPIC id 2, gs 00000000001e9ab0
[smp    ] cpu3 online: long mode, own TSS (sel 0000000000000060)+SYSCALL, LAPIC id 3, gs 00000000001e9b88
[smp    ] 4/4 cpus online ŌĆö scheduler stays BSP-only BY POLICY (invariants preserved)
-- done --
-- STRESS & ENFORCEMENT (fault injection + TLB/CR3 + W^X/NX) --
[stress ]  PASS  kernel address space has ZERO writable+executable pages
[stress ] scanned 1033 kernel leaf pages, 0 W+X
[kernel ] spawned pid 10 'stress-wx' caps 0000000000000020 ŌĆö private PML4 @ phys 0000000001039000
[stress ]  PASS  user address space has ZERO writable+executable pages
[stress ]  PASS  executing a data page traps (#PF, NX enforced)
[stress ]  PASS  writing to R+X kernel code traps (#PF, code immutable)
[stress ]  PASS  invlpg after remap: no stale TLB entry (sees new frame, all cores shot down)
[kernel ] spawned pid 11 'churn-A' caps 0000000000000000 ŌĆö private PML4 @ phys 0000000001044000
[kernel ] spawned pid 12 'churn-B' caps 0000000000000000 ŌĆö private PML4 @ phys 0000000001045000
[stress ]  PASS  20000 CR3 switches under preemption keep spaces isolated
[stress ]  PASS  page-table auditor detects a flipped reserved bit
[kernel ] spawned pid 13 'oom' caps 0000000000000020 ŌĆö private PML4 @ phys 000000000104e000
[stress ]  PASS  allocator exhaustion returns failure cleanly (no panic)
[kernel ] spawned pid 14 'stack-bomb' caps 0000000000000000 ŌĆö private PML4 @ phys 0000000001053000

[kernel ] --> RING 3 as pid 14 'stack-bomb' (entry 0000500000000000, caps 0000000000000000, cr3 0000000001053000)

[guard  ] STACK OVERFLOW: ring-3 pid 14 hit guard page @ 0000500000fefff8 ŌĆö task terminated
[kernel ] <-- RING 0: 'stack-bomb' returned via SYS_EXIT
[stress ]  PASS  ring-3 stack overflow trapped by guard page
[stress ]  PASS  stack canary detects local buffer overflow
[stress ] RESULT: 10 passed, 0 failed
[stress ] STRESS & ENFORCEMENT CLEAN ŌĆö no races, W^X/NX hold
-- done --
-- SYSCALL ARGUMENT FUZZING --
[kernel ] spawned pid 15 'fuzz' caps 0000000000000000 ŌĆö private PML4 @ phys 000000000105d000
[fuzz   ]  PASS  SYS_OPEN valid user name pointer succeeds
[fuzz   ]  PASS  SYS_OPEN kernel-address name rejected (EFAULT)
[fuzz   ]  PASS  SYS_WRITE kernel-address string rejected (no kernel leak)
[fuzz   ]  PASS  SYS_WRITE unmapped user pointer rejected
[fuzz   ]  PASS  SYS_READ into kernel memory rejected (no kernel write)
[fuzz   ]  PASS  SYS_READ into valid user buffer succeeds
[fuzz   ] 20000 randomized calls: 12311 rejected, 7689 ok ŌĆö kernel never faulted
[fuzz   ]  PASS  post-fuzz: kernel still has ZERO writable+executable pages
[fuzz   ]  PASS  post-fuzz: fuzz process isolation intact (private user PML4)
[fuzz   ] RESULT: 8 passed, 0 failed
[fuzz   ] SYSCALL BOUNDARY HARDENED ŌĆö all adversarial pointers rejected
-- done --
-- DESCRIPTOR-TABLE INTEGRITY SWEEP (background, tick-driven) --
[sweep  ] armed=1  batch=64 entries/tick @ 100 Hz
[sweep  ] full passes completed: 5
[sweep  ] leaf entries audited:  5739
[sweep  ] violations found:      0
[sweep  ] injecting reserved-bit flip into live PD entry 1 ...
[sweep  ]  PASS  background sweep caught corruption at va 0000000000200000 after 17 ticks
[sweep  ] entry repaired; violations counter now 1
-- done --
-- SMP: per-CPU state, IPIs, TLB shootdown, cross-core atomics --
[smp    ] 4 cpu(s) in MADT, 4 online
[smp    ]  PASS  every MADT-enumerated cpu reached 64-bit kernel C (or single-cpu boot)
[smp    ]  PASS  per-CPU areas via GS: each cpu sees its own identity, APIC ids distinct
[smp    ]  PASS  targeted fixed-vector IPI delivered to and acknowledged by every AP
[smp    ] 4 cpus x 100000 lock-xadd -> counter 400000 (want 400000)
[smp    ]  PASS  concurrent lock-xadd from ALL cpus totals exactly (no lost increment)
[smp    ] shootdown of 0000500000050000: 3/3 remote acks; remote reads primed=1 fresh=1
[smp    ]  PASS  TLB shootdown acknowledged by every remote cpu
[smp    ]  PASS  after remap+shootdown every remote cpu reads the NEW frame (primed on the old one first)
[smp    ] RESULT: 6 passed, 0 failed
[smp    ] SMP GROUNDWORK VERIFIED ŌĆö every core boots, IPIs and shootdowns are real
-- done --
-- PARALLEL WORK DISPATCH: work-stealing job runner across cores --
[par    ] 2048 units over 4 core(s): cpu0=457 cpu1=490 cpu2=485 cpu3=616 | result d522f943ba492800 vs serial d522f943ba492800
[par    ]  PASS  work conservation: every unit processed exactly once (sum of claims == units)
[par    ]  PASS  correctness: parallel reduction equals the serial reference bit-for-bit
[par    ]  PASS  distribution: the job was spread across multiple cores (or 1 on a uniprocessor)
[par    ]  PASS  sensitivity: a one-bit change to the data changes the parallel result
[par    ]  PASS  determinism: restoring the data reproduces the original result
[par    ] RESULT: 5 passed, 0 failed
[par    ] PARALLEL DISPATCH VERIFIED ŌĆö all cores share the work, reduction is exact
-- done --
-- PARALLEL PAGE-TABLE INTEGRITY AUDIT (real workload on all cores) --
[audit  ] enumerated 515 PD-entry units across the kernel address space
[audit  ]  PASS  enumeration fit the audit table (no truncation)
[audit  ] 515 units over 4 core(s): cpu0=7 cpu1=1 cpu2=1 cpu3=506 | parallel viol 0 vs serial 0
[audit  ]  PASS  work conservation: every enumerated unit audited exactly once
[audit  ]  PASS  clean kernel: the parallel audit finds ZERO violations
[audit  ]  PASS  parallel verdict equals the serial auditor bit-for-bit
[audit  ]  PASS  distribution: the audit was spread across cores (or 1 on a uniprocessor)
[audit  ] injected 1 corruption at huge PDE 1 -> parallel audit saw 1 (want 1), after repair 0
[audit  ]  PASS  injected reserved-bit corruption is CAUGHT by the parallel audit
[audit  ]  PASS  after repair the parallel audit returns to a clean verdict
[audit  ] RESULT: 7 passed, 0 failed
[audit  ] PARALLEL INTEGRITY AUDIT VERIFIED ŌĆö all cores, exact, corruption caught
-- done --
-- MULTI-CORE SCHEDULING: an AP autonomously runs a ring-3 thread --
[kernel ] spawned pid 16 'mc-thread' caps 0000000000000000 ŌĆö private PML4 @ phys 0000000001199000
[elf    ] PT_LOAD vaddr 0000500000000000 filesz 0000000000002898 memsz 0000000000002898 (ro) -> mapped USER (bounds ok)
[mcsched] queued pid 16 on cpu1's run queue (apic 1); the AP pulls it itself
  [mc :r3] ring-3 thread executing on an APPLICATION PROCESSOR
  [mc :r3] SYS_GETPID via the AP's own SYSCALL path -> pid 0000000000000010
[mcsched]  PASS  an application processor executed the ring-3 thread and it returned
[mcsched]  PASS  the AP's capability gate resolved the thread's identity (exit code == pid)
[mcsched] cpu1 ran pid 16 -> exit code 16 (want 16) [ran_on mask 2]
[mcsched] RESULT: 2 passed, 0 failed
[mcsched] MULTI-CORE SCHEDULING VERIFIED ŌĆö a ring-3 thread ran on an application processor
-- done --
-- CONCURRENT SCHEDULING: per-CPU queues, stealing, several cores in ring 3 at once --
[kernel ] spawned pid 17 'mcq-probe' caps 0000000000000000 ŌĆö private PML4 @ phys 00000000011a5000
[elf    ] PT_LOAD vaddr 0000500000000000 filesz 0000000000002898 memsz 0000000000002898 (ro) -> mapped USER (bounds ok)
[kernel ] spawned pid 18 'mcq-probe' caps 0000000000000000 ŌĆö private PML4 @ phys 00000000011b1000
[elf    ] PT_LOAD vaddr 0000500000000000 filesz 0000000000002898 memsz 0000000000002898 (ro) -> mapped USER (bounds ok)
[kernel ] spawned pid 19 'mcq-probe' caps 0000000000000000 ŌĆö private PML4 @ phys 00000000011bd000
[elf    ] PT_LOAD vaddr 0000500000000000 filesz 0000000000002898 memsz 0000000000002898 (ro) -> mapped USER (bounds ok)
[kernel ] spawned pid 20 'mcq-probe' caps 0000000000000000 ŌĆö private PML4 @ phys 00000000011c9000
[elf    ] PT_LOAD vaddr 0000500000000000 filesz 0000000000002898 memsz 0000000000002898 (ro) -> mapped USER (bounds ok)
[mcq    ] 3 task(s) piled on cpu1's queue alone; waking every AP to pull/steal
[mcq    ] BSP entering ring 3 CONCURRENTLY with the APs...
[mcq    ]   pid 17: exit 17 (want 17)  ran_on mask 1  finish#4
[mcq    ]   pid 18: exit 18 (want 18)  ran_on mask 4  finish#2
[mcq    ]   pid 19: exit 19 (want 19)  ran_on mask 2  finish#3
[mcq    ]   pid 20: exit 20 (want 20)  ran_on mask 8  finish#5
[mcq    ]   cpu0 ran 1 task(s), stole 0
[mcq    ]   cpu1 ran 1 task(s), stole 0
[mcq    ]   cpu2 ran 1 task(s), stole 1
[mcq    ]   cpu3 ran 1 task(s), stole 1
[mcq    ] ring-3 concurrency high-water mark: 4 core(s) at once
[mcq    ]  PASS  every probe ran to completion
[mcq    ]  PASS  every exit code == its pid (no identity bleed across per-CPU entry paths)
[mcq    ]  PASS  the executed-task count matches the probes dispatched
[mcq    ]  PASS  two or more cores were IN RING 3 SIMULTANEOUSLY (the v0.39 headline)
[mcq    ]  PASS  idle APs STOLE work from cpu1's overloaded queue (dynamic balancing)
[mcq    ]  PASS  more than one AP executed tasks (the pile-up was spread out)
[mcq    ] RESULT: 6 passed, 0 failed
[mcq    ] CONCURRENT SCHEDULING VERIFIED ŌĆö queues drained autonomously, ring 3 in parallel
-- done --
-- IPI PREEMPTION: force a ring-3 thread off its core mid-loop, resume it on ANOTHER --
[kernel ] spawned pid 21 'mcpre-long' caps 0000000000000000 ŌĆö private PML4 @ phys 00000000011d5000
[elf    ] PT_LOAD vaddr 0000500000000000 filesz 0000000000002898 memsz 0000000000002898 (ro) -> mapped USER (bounds ok)
[kernel ] spawned pid 22 'mcpre-hi' caps 0000000000000000 ŌĆö private PML4 @ phys 00000000011e1000
[elf    ] PT_LOAD vaddr 0000500000000000 filesz 0000000000002898 memsz 0000000000002898 (ro) -> mapped USER (bounds ok)
[mcpre  ] pid 21 is mid-loop in ring 3 on cpu1; queueing pid 22 AT THE FRONT and firing IPI 50
[mcpre  ] cpu1 preempt_count +1; long: exit 21 ran_on 6 finish#7 | hi: exit 22 ran_on 2 finish#6
[mcpre  ]  PASS  the cross-core IPI PREEMPTED the running ring-3 thread (context captured mid-loop)
[mcpre  ]  PASS  the high-priority thread ran on the freed core and completed (exit == pid)
[mcpre  ]  PASS  the preempted thread RESUMED and finished intact (registers/stack/identity: exit == pid)
[mcpre  ]  PASS  completion order inverted: the later, higher-priority thread finished FIRST
[mcpre  ]  PASS  the captured context MIGRATED CORES: started on cpu1, finished on cpu2
[mcpre  ] RESULT: 5 passed, 0 failed
[mcpre  ] IPI PREEMPTION VERIFIED ŌĆö a ring-3 context was forced out, migrated, and resumed
-- done --
-- TIME-SLICING: one AP round-robins several ring-3 threads off its own LAPIC timer --
[kernel ] spawned pid 23 'slice-probe' caps 0000000000000000 ŌĆö private PML4 @ phys 00000000011ed000
[elf    ] PT_LOAD vaddr 0000500000000000 filesz 0000000000002898 memsz 0000000000002898 (ro) -> mapped USER (bounds ok)
[kernel ] spawned pid 24 'slice-probe' caps 0000000000000000 ŌĆö private PML4 @ phys 00000000011f9000
[elf    ] PT_LOAD vaddr 0000500000000000 filesz 0000000000002898 memsz 0000000000002898 (ro) -> mapped USER (bounds ok)
[kernel ] spawned pid 25 'slice-probe' caps 0000000000000000 ŌĆö private PML4 @ phys 0000000001205000
[elf    ] PT_LOAD vaddr 0000500000000000 filesz 0000000000002898 memsz 0000000000002898 (ro) -> mapped USER (bounds ok)
[slice  ] 3 threads on cpu1's queue, slice gate OPEN ŌĆö its timer takes it from here
[slice  ]   cpu1's timer sliced 3 context(s) out mid-loop
[slice  ]   cpu2's timer sliced 2 context(s) out mid-loop
[slice  ]   cpu3's timer sliced 2 context(s) out mid-loop
[slice  ] dispatch order (all cores): 23 24 25 23 24 25 23 24 25 23
[slice  ]   pid 23: exit 23 (want 23)  dispatched 4 time(s)  ran_on a
[slice  ]   pid 24: exit 24 (want 24)  dispatched 3 time(s)  ran_on 2
[slice  ]   pid 25: exit 25 (want 25)  dispatched 3 time(s)  ran_on 4
[slice  ]  PASS  all three threads completed with intact checksums (exit == pid) despite slicing
[slice  ]  PASS  AP timers forced context switches (total slice count >= 2)
[slice  ]  PASS  every thread was set down and picked back up (each dispatched >= 2 times)
[slice  ]  PASS  the dispatch log shows ROUND-ROBIN interleaving (>= 4 alternations between threads)
[slice  ] RESULT: 4 passed, 0 failed
[slice  ] TIME-SLICING VERIFIED ŌĆö an AP preemptively multitasks ring-3 threads on its own clock
-- done --
-- CONCURRENT IO: BSP + APs execute VFS/CAS/surface syscalls simultaneously --
[kernel ] spawned pid 26 'cio-file' caps 0000000000000020 ŌĆö private PML4 @ phys 0000000001211000
[elf    ] PT_LOAD vaddr 0000500000000000 filesz 0000000000002898 memsz 0000000000002898 (ro) -> mapped USER (bounds ok)
[kernel ] spawned pid 27 'cio-file' caps 0000000000000020 ŌĆö private PML4 @ phys 000000000121d000
[elf    ] PT_LOAD vaddr 0000500000000000 filesz 0000000000002898 memsz 0000000000002898 (ro) -> mapped USER (bounds ok)
[kernel ] spawned pid 28 'cio-file' caps 0000000000000020 ŌĆö private PML4 @ phys 0000000001229000
[elf    ] PT_LOAD vaddr 0000500000000000 filesz 0000000000002898 memsz 0000000000002898 (ro) -> mapped USER (bounds ok)
[kernel ] spawned pid 29 'cio-file' caps 0000000000000020 ŌĆö private PML4 @ phys 0000000001235000
[elf    ] PT_LOAD vaddr 0000500000000000 filesz 0000000000002898 memsz 0000000000002898 (ro) -> mapped USER (bounds ok)
[kernel ] spawned pid 30 'cio-surf' caps 0000000000000040 ŌĆö private PML4 @ phys 0000000001241000
[elf    ] PT_LOAD vaddr 0000500000000000 filesz 0000000000002898 memsz 0000000000002898 (ro) -> mapped USER (bounds ok)
[kernel ] spawned pid 31 'cio-surf' caps 0000000000000040 ŌĆö private PML4 @ phys 000000000124d000
[elf    ] PT_LOAD vaddr 0000500000000000 filesz 0000000000002898 memsz 0000000000002898 (ro) -> mapped USER (bounds ok)
[cas    ] put len 512 hash 16c88502da606f25 -> block 38 (stored)
[cas    ] put len 512 hash 16c88502da606f25 -> DEDUP to block 38 (no write)
[cas    ] put len 512 hash f7771db7687e3525 -> block 39 (stored)
[cas    ] put len 512 hash f7771db7687e3525 -> DEDUP to block 39 (no write)
[cas    ] put len 512 hash da68ad7a2ba9c725 -> block 40 (stored)
[cas    ] put len 512 hash da68ad7a2ba9c725 -> DEDUP to block 40 (no write)
[cas    ] put len 512 hash 683dff86887ab325 -> block 41 (stored)
[cas    ] put len 512 hash 683dff86887ab325 -> DEDUP to block 41 (no write)
[cas    ] put len 512 hash 53c11ff5a77cc725 -> block 42 (stored)
[cas    ] put len 512 hash 53c11ff5a77cc725 -> DEDUP to block 42 (no write)
[cio    ] 5 workers queued on 3 APs; BSP entering ring 3 with its own file worker
[cas    ] put len 512 hash 4809e6c59e0e5f25 -> block 43 (stored)
[cas    ] put len 512 hash 4809e6c59e0e5f25 -> DEDUP to block 43 (no write)
[cas    ] put len 512 hash eca08411bb16c725 -> block 44 (stored)
[cas    ] put len 512 hash eca08411bb16c725 -> DEDUP to block 44 (no write)
[cas    ] put len 512 hash 751ae4196671dd25 -> block 45 (stored)
[cas    ] put len 512 hash 751ae4196671dd25 -> DEDUP to block 45 (no write)
[cas    ] put len 512 hash 4809e6c59e0e5f25 -> DEDUP to block 43 (no write)
[cas    ] put len 512 hash 4809e6c59e0e5f25 -> DEDUP to block 43 (no write)
[cas    ] put len 512 hash 6b5e3055140e6325 -> block 46 (stored)
[cas    ] put len 512 hash 6b5e3055140e6325 -> DEDUP to block 46 (no write)
[cas    ] put len 512 hash 751ae4196671dd25 -> DEDUP to block 45 (no write)
[cas    ] put len 512 hash 751ae4196671dd25 -> DEDUP to block 45 (no write)
[cas    ] put len 512 hash 77c875e013111725 -> block 47 (stored)
[cas    ] put len 512 hash 77c875e013111725 -> DEDUP to block 47 (no write)
[cas    ] put len 512 hash eca08411bb16c725 -> DEDUP to block 44 (no write)
[cas    ] put len 512 hash eca08411bb16c725 -> DEDUP to block 44 (no write)
[cas    ] put len 512 hash 77c875e013111725 -> DEDUP to block 47 (no write)
[cas    ] put len 512 hash 77c875e013111725 -> DEDUP to block 47 (no write)
[cas    ] put len 512 hash 0b590a9bb8c43325 -> block 48 (stored)
[cas    ] put len 512 hash 0b590a9bb8c43325 -> DEDUP to block 48 (no write)
[cas    ] put len 512 hash 1ca318f360da8925 -> block 49 (stored)
[cas    ] put len 512 hash 1ca318f360da8925 -> DEDUP to block 49 (no write)
[cas    ] put len 512 hash 0b590a9bb8c43325 -> DEDUP to block 48 (no write)
[cas    ] put len 512 hash 0b590a9bb8c43325 -> DEDUP to block 48 (no write)
[cas    ] put len 512 hash 41f0d3bd144beb25 -> block 50 (stored)
[cas    ] put len 512 hash 41f0d3bd144beb25 -> DEDUP to block 50 (no write)
[cas    ] put len 512 hash 1ca318f360da8925 -> DEDUP to block 49 (no write)
[cas    ] put len 512 hash 1ca318f360da8925 -> DEDUP to block 49 (no write)
[cas    ] put len 512 hash 41f0d3bd144beb25 -> DEDUP to block 50 (no write)
[cas    ] put len 512 hash 41f0d3bd144beb25 -> DEDUP to block 50 (no write)
[cas    ] put len 512 hash f4d54f796431db25 -> block 51 (stored)
[cas    ] put len 512 hash f4d54f796431db25 -> DEDUP to block 51 (no write)
[cas    ] put len 512 hash 60a5faf6856c5f25 -> block 52 (stored)
[cas    ] put len 512 hash 60a5faf6856c5f25 -> DEDUP to block 52 (no write)
[cas    ] put len 512 hash f4d54f796431db25 -> DEDUP to block 51 (no write)
[cas    ] put len 512 hash f4d54f796431db25 -> DEDUP to block 51 (no write)
[cas    ] put len 512 hash d233bdd2e3fb3525 -> block 53 (stored)
[cas    ] put len 512 hash d233bdd2e3fb3525 -> DEDUP to block 53 (no write)
[cas    ] put len 512 hash 60a5faf6856c5f25 -> DEDUP to block 52 (no write)
[cas    ] put len 512 hash 60a5faf6856c5f25 -> DEDUP to block 52 (no write)
[cas    ] put len 512 hash d233bdd2e3fb3525 -> DEDUP to block 53 (no write)
[cas    ] put len 512 hash d233bdd2e3fb3525 -> DEDUP to block 53 (no write)
[cas    ] put len 512 hash a7c35d39c5cbc725 -> block 54 (stored)
[cas    ] put len 512 hash a7c35d39c5cbc725 -> DEDUP to block 54 (no write)
[cas    ] put len 512 hash 5c0cb4979c3b3325 -> block 55 (stored)
[cas    ] put len 512 hash 5c0cb4979c3b3325 -> DEDUP to block 55 (no write)
[surface] pid 30 owns surface 6 (64x64) DOUBLE-BUFFERED at user vaddr 0000530000000000 (+4 pages back)
[cas    ] put len 512 hash a7c35d39c5cbc725 -> DEDUP to block 54 (no write)
[surface] slot 6 reclaimed on owner exit ŌĆö 8 pages (phys 0000000001259000) back on the free list
[cas    ] put len 512 hash a7c35d39c5cbc725 -> DEDUP to block 54 (no write)
[surface] pid 30 owns surface 6 (64x64) DOUBLE-BUFFERED at user vaddr 0000530000000000 (+4 pages back) (recycled pixel buffers)
[surface] slot 6 reclaimed on owner exit ŌĆö 8 pages (phys 0000000001259000) back on the free list
[surface] pid 31 owns surface 7 (64x64) DOUBLE-BUFFERED at user vaddr 0000530000000000 (+4 pages back) (recycled pixel buffers)
[cas    ] put len 512 hash 5c0cb4979c3b3325 -> DEDUP to block 55 (no write)
[surface] slot 7 reclaimed on owner exit ŌĆö 8 pages (phys 0000000001259000) back on the free list
[cas    ] put len 512 hash 5c0cb4979c3b3325 -> DEDUP to block 55 (no write)
[surface] pid 31 owns surface 7 (64x64) DOUBLE-BUFFERED at user vaddr 0000530000000000 (+4 pages back) (recycled pixel buffers)
[surface] slot 7 reclaimed on owner exit ŌĆö 8 pages (phys 0000000001259000) back on the free list
[cas    ] put len 512 hash 6b5e3055140e6325 -> DEDUP to block 46 (no write)
[cas    ] put len 512 hash 6b5e3055140e6325 -> DEDUP to block 46 (no write)
[cas    ] put len 512 hash b687b3ba465c9f25 -> block 56 (stored)
[cas    ] put len 512 hash b687b3ba465c9f25 -> DEDUP to block 56 (no write)
[cas    ] put len 512 hash b687b3ba465c9f25 -> DEDUP to block 56 (no write)
[cas    ] put len 512 hash b687b3ba465c9f25 -> DEDUP to block 56 (no write)
[cas    ] put len 512 hash 6c6cd45d24dda925 -> block 57 (stored)
[cas    ] put len 512 hash 6c6cd45d24dda925 -> DEDUP to block 57 (no write)
[cas    ] put len 512 hash 6c6cd45d24dda925 -> DEDUP to block 57 (no write)
[cas    ] put len 512 hash 6c6cd45d24dda925 -> DEDUP to block 57 (no write)
[cas    ] put len 512 hash bc8500dbc142f725 -> block 58 (stored)
[cas    ] put len 512 hash bc8500dbc142f725 -> DEDUP to block 58 (no write)
[cas    ] put len 512 hash bc8500dbc142f725 -> DEDUP to block 58 (no write)
[cas    ] put len 512 hash bc8500dbc142f725 -> DEDUP to block 58 (no write)
[cio    ]  PASS  all six workers ran to completion (watchdog: no cross-core deadlock)
[cio    ]   pid 26 'cio-file': exit 26 (want 26)  ran_on 1
[cio    ]   pid 27 'cio-file': exit 27 (want 27)  ran_on 2
[cio    ]   pid 28 'cio-file': exit 28 (want 28)  ran_on 4
[cio    ]   pid 29 'cio-file': exit 29 (want 29)  ran_on 8
[cio    ]   pid 30 'cio-surf': exit 30 (want 30)  ran_on 2
[cio    ]   pid 31 'cio-surf': exit 31 (want 31)  ran_on 2
[cio    ]  PASS  every worker verified every byte it read back (exit == pid, no 6xx/7xx)
[cio    ]   cpu0 dispatched 32 file syscalls
[cio    ]   cpu1 dispatched 32 file syscalls
[cio    ]   cpu2 dispatched 32 file syscalls
[cio    ]   cpu3 dispatched 32 file syscalls
[cio    ]  PASS  file syscalls were dispatched by >= 2 distinct cores
[cio    ] file-syscall in-flight high-water: 4
[cio    ]  PASS  >= 2 cores were INSIDE file syscalls at the same instant
[cio    ]  PASS  each worker file holds EXACTLY its final-round pattern (no torn write)
[cio    ]  PASS  the shared file (16 racing writes) is ONE uniform image (whole-file writes atomic)
[cio    ]  PASS  directory: no duplicate names claimed by racing writers
[cio    ]  PASS  every live chunk hash resolves in the CAS index
[cio    ] allocation bitmap: 59 bits set, superblock used_blocks 59
[cio    ]  PASS  used_blocks == popcount(bitmap) (no double-allocated or leaked block)
[cio    ]  PASS  descriptor array fully released after the storm
[cio    ] surface free list: 1 chunk(s)
[cio    ]  PASS  both churn surfaces were reclaimed on exit (AP exit path reclaims now)
[cio    ]  PASS  free-list pixel chunks are pairwise disjoint (no double-free/overlap)
[cio    ]   lock ofile (rank 1): 857 acquisitions, 2 contended
[cio    ]   lock vfs (rank 2): 174 acquisitions, 63 contended
[cio    ]   lock cas (rank 3): 196 acquisitions, 0 contended
[cio    ]   lock vblk (rank 4): 3591 acquisitions, 0 contended
[cio    ]   lock surf (rank 5): 21 acquisitions, 1 contended
[cio    ]  PASS  no lock left held at quiescence
[cio    ]  PASS  ZERO rank violations across the whole run (lock order held everywhere)
[cio    ] RESULT: 14 passed, 0 failed
[cio    ] CONCURRENT IO VERIFIED ŌĆö the VFS/CAS/surface stack is multi-core reentrant
-- done --
-- IOMMU (INTEL VT-d) STATUS + DMA ISOLATION --
[virt   ] CPUID.1:ECX.VMX = 0 (no VT-x ŌĆö TCG emulation, guest execution unavailable)
[iommu  ] regs @ 00000000fed90000   GSTS c0000000   root table @ 000000000100c000
[iommu  ] DRHD units 1   second-level 3-level   identity map 1024 MiB   domain-id 1
[iommu  ]  PASS  DMA translation is ENABLED (GSTS.TES)
[iommu  ]  PASS  root table pointer is programmed (GSTS.RTPS)
[iommu  ] fault recording: 1 register(s) @ CAP.FRO offset 0x220
[iommu  ] (live DMA-confinement proof runs in `capdma` ŌĆö a blocked DMA puts a
[iommu  ]  virtio device into its broken state, so it is exercised exactly once)
[iommu  ] RESULT: 2 passed, 0 failed
[iommu  ] HARDWARE DMA ISOLATION VERIFIED ŌĆö devices are confined to their domains
-- done --
-- CAPABILITY-BOUND DMA DOMAINS --
[kernel ] spawned pid 32 'dma-owner' caps 0000000000000011 ŌĆö private PML4 @ phys 0000000001267000
[kernel ] spawned pid 33 'dma-other' caps 0000000000000000 ŌĆö private PML4 @ phys 0000000001268000
[hw     ] GRANT  pid 32 'dma-owner' -> 'virtio-net': phys 00000000fe004000 mapped at vaddr 0000400800000000 (4 pages)
[iommu  ] device 0:3.0 confined to pid 32 DMA domain 47 (1 of its pages reachable)
[capdma ]  PASS  capability holder is granted the device's MMIO
[capdma ]  PASS  granting a device creates a private DMA domain for the owner
[capdma ]  PASS  device context entry points at the owner's DMA domain
[capdma ]  PASS  device carries the owner's domain id
[capdma ]  PASS  owner's own RAM page IS reachable by the device
[capdma ]  PASS  another process's RAM page is NOT reachable
[capdma ]  PASS  kernel memory is NOT reachable by the device
[capdma ]  PASS  kernel's virtqueue memory is NOT reachable
[capdma ]  PASS  device MMIO was not mapped into the DMA domain
qemu-system-x86_64: vtd_iova_to_slpte: detected slpte permission error (iova=0x1017000, level=0x2, slpte=0x0, write=0, pasid=0xffffffff)
qemu-system-x86_64: Interrupt Mask set, irq is not generated
qemu-system-x86_64: vtd_iommu_translate: detected translation failure (dev=00:03:00, iova=0x1017000)
qemu-system-x86_64: New fault is not recorded due to compression of faults
qemu-system-x86_64: virtio: zero sized buffers are not allowed
[capdma ]  PASS  confined device attempting kernel DMA is BLOCKED by hardware
[capdma ] blocked: device 0:3.0 tried read at 0000000001017000 ŌĆö outside pid 32's domain
[capdma ]  PASS  revoking the grant returns the device to the kernel domain
[capdma ] RESULT: 11 passed, 0 failed
[capdma ] CAPABILITY-BOUND DMA VERIFIED ŌĆö direct device access, hardware-confined to its owner
-- done --
-- RING-3 USERSPACE DEVICE DRIVER --
[kernel ] spawned pid 34 'nic-driver' caps 0000000000000011 ŌĆö private PML4 @ phys 0000000001277000
[drv    ] handing 'virtio-net' to unprivileged pid 34 (kernel leaves the data path)
[elf    ] loading 'nic-driver' from ISO module image at phys 00000000001f0000 (0000000000002cf8 bytes)
[elf    ] PT_LOAD vaddr 0000500000000000 filesz 0000000000002898 memsz 0000000000002898 (ro) -> mapped USER (bounds ok)

[kernel ] --> RING 3 as pid 34 'nic-driver' (entry 0000500000000370, caps 0000000000000011, cr3 0000000001277000)
  [drv:r3] ==== USERSPACE virtio-net DRIVER starting at ring 3 ====
[hw     ] GRANT  pid 34 'nic-driver' -> 'virtio-net': phys 00000000fe004000 mapped at vaddr 0000400880000000 (4 pages)
[iommu  ] device 0:3.0 confined to pid 34 DMA domain 49 (7 of its pages reachable)
  [drv:r3] NIC registers mapped into this process at vaddr 0000400880000000
  [drv:r3] own DMA memory: vaddr 0000520000000000 -> phys 0000000001289000
  [drv:r3] negotiated features, FEATURES_OK accepted by device
  [drv:r3] TX virtqueue live in our own pages; DRIVER_OK set
  [drv:r3] *** TX COMPLETED BY HARDWARE *** used.idx=0000000000000001
  [drv:r3] the NIC read the descriptor and frame from THIS PROCESS's
  [drv:r3] memory via DMA, inside its capability-bound IOMMU domain.
[kernel ] <-- RING 0: 'nic-driver' returned via SYS_EXIT
-- done --
[mouse  ] PS/2 mouse online: id 3, 4-byte packets (wheel), IRQ 12
[gfx    ] framebuffer 1024x768 mapped; backbuffer @ 0000000001294000 (double-buffered)
-- Metropolis-Terminal compositor: animated physics loop --
[gfx    ] animated 150 frames (glitch-in + spring + collision), settled. center=00000000000b0f16
-- done (screendump to view) --
-- RING-3 APPLICATION SURFACE (first-class scheduler thread) --
[kernel ] spawned pid 35 'surface-app' caps 0000000000000040 ŌĆö private PML4 @ phys 0000000001594000
[elf    ] PT_LOAD vaddr 0000500000000000 filesz 0000000000002898 memsz 0000000000002898 (ro) -> mapped USER (bounds ok)
[uthread] spawned 'surface-app': pid 35 = tid 2 (role 2) ŌĆö scheduled, not entered
[surface] handing canvas window 4 to unprivileged pid 35
[uthread] tid 2 --> RING 3 as pid 35 'surface-app' (entry 0000500000000370, cr3 0000000001594000)
  [app:r3] ==== RING-3 SURFACE THREAD: live event/render loop ====
[surface] pid 35 owns surface 4 (200x120) DOUBLE-BUFFERED at user vaddr 0000530000000000 (+24 pages back)
  [app:r3] got double-buffered surface at 0000530000000000 ŌĆö drawing back buffers, publishing via SYS_SURFACE_FLIP
[surface] slot 4 bound=1 owner=pid 35 ŌĆö compositor will place its pixels; the app KEEPS RUNNING
-- done --
-- RING-3 PROCESSES AS FIRST-CLASS SCHEDULER THREADS --
[kernel ] spawned pid 36 'ident-A' caps 0000000000000020 ŌĆö private PML4 @ phys 00000000015d3000
[elf    ] PT_LOAD vaddr 0000500000000000 filesz 0000000000002898 memsz 0000000000002898 (ro) -> mapped USER (bounds ok)
[uthread] spawned 'ident-A': pid 36 = tid 3 (role 4) ŌĆö scheduled, not entered
[kernel ] spawned pid 37 'ident-B' caps 0000000000000000 ŌĆö private PML4 @ phys 00000000015df000
[elf    ] PT_LOAD vaddr 0000500000000000 filesz 0000000000002898 memsz 0000000000002898 (ro) -> mapped USER (bounds ok)
[uthread] spawned 'ident-B': pid 37 = tid 4 (role 4) ŌĆö scheduled, not entered
[uthread] tid 3 --> RING 3 as pid 36 'ident-A' (entry 0000500000000370, cr3 00000000015d3000)
[uthread] tid 4 --> RING 3 as pid 37 'ident-B' (entry 0000500000000370, cr3 00000000015df000)
[uthread] tid 3 pid 36 'ident-A' exited (code 0) ŌĆö thread reaped
[uthread] tid 4 pid 37 'ident-B' exited (code 0) ŌĆö thread reaped
[threads]  PASS  two ring-3 threads ran to completion CONCURRENTLY with the kernel main thread
[threads]  PASS  per-thread process identity survived every context switch (both probers exit 0)
[threads]  PASS  SYS_EXIT reaps the thread (PCB slots returned to the scheduler)
[kernel ] spawned pid 38 'surf-exit' caps 0000000000000040 ŌĆö private PML4 @ phys 00000000015eb000
[elf    ] PT_LOAD vaddr 0000500000000000 filesz 0000000000002898 memsz 0000000000002898 (ro) -> mapped USER (bounds ok)
[uthread] spawned 'surf-exit': pid 38 = tid 3 (role 3) ŌĆö scheduled, not entered
[uthread] tid 3 --> RING 3 as pid 38 'surf-exit' (entry 0000500000000370, cr3 00000000015eb000)
[surface] pid 38 owns surface 3 (64x64) DOUBLE-BUFFERED at user vaddr 0000530000000000 (+4 pages back) (recycled pixel buffers)
  [x3 :r3] surface slot 3 live; exiting so the kernel reclaims it
[surface] slot 3 reclaimed on owner exit ŌĆö 8 pages (phys 0000000001259000) back on the free list
[uthread] tid 3 pid 38 'surf-exit' exited (code 0) ŌĆö thread reaped
[threads]  PASS  surface reclaimed when its owner exits (slot unbound, buffer on free list)
[kernel ] spawned pid 39 'surf-exit2' caps 0000000000000040 ŌĆö private PML4 @ phys 00000000015fa000
[elf    ] PT_LOAD vaddr 0000500000000000 filesz 0000000000002898 memsz 0000000000002898 (ro) -> mapped USER (bounds ok)
[uthread] spawned 'surf-exit2': pid 39 = tid 3 (role 3) ŌĆö scheduled, not entered
[uthread] tid 3 --> RING 3 as pid 39 'surf-exit2' (entry 0000500000000370, cr3 00000000015fa000)
[surface] pid 39 owns surface 3 (64x64) DOUBLE-BUFFERED at user vaddr 0000530000000000 (+4 pages back) (recycled pixel buffers)
  [x3 :r3] surface slot 3 live; exiting so the kernel reclaims it
[surface] slot 3 reclaimed on owner exit ŌĆö 8 pages (phys 0000000001259000) back on the free list
[uthread] tid 3 pid 39 'surf-exit2' exited (code 0) ŌĆö thread reaped
[threads]  PASS  reclaimed pixel buffer is RECYCLED by the next surface create (same phys)
[kernel ] spawned pid 40 'stack-bomb-t' caps 0000000000000000 ŌĆö private PML4 @ phys 0000000001609000
[uthread] tid 3 --> RING 3 as pid 40 'stack-bomb-t' (entry 0000500000000000, cr3 0000000001609000)

[guard  ] STACK OVERFLOW: ring-3 pid 40 hit guard page @ 0000500000fefff8 ŌĆö task terminated
[uthread] faulting tid 3 terminated ŌĆö siblings and kernel unaffected
[threads]  PASS  faulting ring-3 thread hit the guard page and was terminated (not unwound)
[threads]  PASS  kernel and sibling threads survive the fault (surface app still bound)
[threads] RESULT: 7 passed, 0 failed
[threads] FIRST-CLASS RING-3 THREADS VERIFIED ŌĆö concurrent, isolated, reaped
-- done --
-- DOUBLE-BUFFERED SURFACES: page flip vs tearing --
[kernel ] spawned pid 41 'tear-test' caps 0000000000000040 ŌĆö private PML4 @ phys 0000000001613000
[elf    ] PT_LOAD vaddr 0000500000000000 filesz 0000000000002898 memsz 0000000000002898 (ro) -> mapped USER (bounds ok)
[uthread] spawned 'tear-test': pid 41 = tid 3 (role 5) ŌĆö scheduled, not entered
[uthread] tid 3 --> RING 3 as pid 41 'tear-test' (entry 0000500000000370, cr3 0000000001613000)
[surface] pid 41 owns surface 5 (64x64) DOUBLE-BUFFERED at user vaddr 0000530000000000 (+4 pages back) (recycled pixel buffers)
  [tt :r3] tear-test live: 400 alternating full frames via SYS_SURFACE_FLIP
[flip   ]  PASS  ring-3 thread created a double-buffered surface (front+back pair)
[flip   ]  PASS  both buffers are user-mapped in the owner (and only 2*bufpages of them)
[flip   ]  PASS  flips on a slot with NO consumer complete immediately (producer never parks)
[flip   ]  PASS  sibling surface thread kept running while another slot was consumed
[flip   ] consumed 200 published frames: 0 torn, 100/100 color A/B
[flip   ]  PASS  200 frames published through SYS_SURFACE_FLIP under preemption
[flip   ]  PASS  ZERO torn frames: every published front buffer is a COMPLETE frame
[flip   ]  PASS  frames alternate strictly (each flip is exactly one finished frame)
[surface] slot 5 reclaimed on owner exit ŌĆö 8 pages (phys 0000000001259000) back on the free list
[uthread] tid 3 pid 41 'tear-test' exited (code 0) ŌĆö thread reaped
[flip   ]  PASS  double buffer reclaimed as one chunk when the owner exits
[flip   ] RESULT: 8 passed, 0 failed
[flip   ] PAGE FLIP VERIFIED ŌĆö the compositor can no longer observe a half-drawn frame
-- done --
-- CURSOR COORDINATE TRANSLATION INVARIANTS --
[cursor ]  PASS  screen->world->screen round-trip exact at all zooms (<=1 px)
[cursor ] worst round-trip error across 150 samples: 1 px
[cursor ]  PASS  world->screen->world round-trip stable
[cursor ]  PASS  zoom-at-cursor keeps the world point pinned under the pointer
[cursor ] worst anchor drift across 150 zoom ops: 0 world units
[cursor ]  PASS  panning preserves projected size (no drift)
[cursor ]  PASS  2x zoom doubles projected size
[cursor ]  PASS  hit-testing matches rendering (centre of each window picks it)
[cursor ] RESULT: 6 passed, 0 failed
[cursor ] COORDINATE TRANSLATION LOCKED DOWN
-- done --
-- KINETIC CAMERA INVARIANTS --
[kinetic]  PASS  a flick imparts momentum (camera keeps moving after input stops)
[kinetic]  PASS  friction brings the camera to a complete rest
[kinetic] flick settled in 48 frames; glide distance 193 world units
[kinetic]  PASS  glide distance is bounded (no runaway)
[kinetic]  PASS  eased zoom converges to its target
[kinetic]  PASS  anchor stays pinned on EVERY frame of the eased zoom
[kinetic] worst mid-transition anchor drift over 4 zooms: 0 world units
[kinetic]  PASS  commanded glide converges exactly on its target
[kinetic] glide-to-focus converged in 25 frames
[kinetic]  PASS  eased zoom does not overshoot its target
[kinetic]  PASS  zoom stays clamped to 12.5%..400% under repeated impulses
[kinetic]  PASS  dt grouping is EXACT: 100 frames @ dt=2 == 200 frames @ dt=1 (bit-identical)
[kinetic]  PASS  irregular frame times (1..5 ticks) land on the identical camera state
[kinetic]  PASS  window-spring dt grouping is EXACT (60 frames @ dt=2 == 120 @ dt=1)
[kinetic]  PASS  window springs under irregular frame times land on the identical state
[kinetic] RESULT: 12 passed, 0 failed
[kinetic] KINETIC CAMERA VERIFIED ŌĆö momentum settles, anchor never slips
-- done --
-- METROPOLIS-TERMINAL: spatial canvas (interactive) --
[canvas ] 300 frames | camera world (-30,0) zoom 88% | focus 'TIME-STREAM' | hud closed
-- done --
-- INPUT ROUTING TO A LIVE RING-3 THREAD (single canvas pass) --
[canvas ] frame 30: click synthesized at screen (470,400)
  [app:r3] click at surface-local (000000000000001f,0000000000000014) ŌĆö repainting NOW, mid-pass
[canvas ] frame 60: click synthesized at screen (560,440)
  [app:r3] click at surface-local (000000000000005b,0000000000000040) ŌĆö repainting NOW, mid-pass
[canvas ] frame 90: click synthesized at screen (660,470)
  [app:r3] click at surface-local (000000000000009d,0000000000000061) ŌĆö repainting NOW, mid-pass
[canvas ] 150 frames | camera world (-30,0) zoom 88% | focus 'VIDEO-EDITOR' | hud closed
[surfin ] app repainted DURING the pass: 447 hit-marker pixels (0000000000f06a18) in its surface
-- done --
-- KEYBOARD ROUTING TO RING-3 SURFACES (type=2) --
[canvas ] 30 frames | camera world (164,0) zoom 88% | focus 'VIDEO-EDITOR' | hud closed
[keys   ]  PASS  navigation-mode keys steer the camera, none leak to the app
  [app:r3] key event code 0000000000000048 ŌĆö echoing into our pixels
  [app:r3] key event code 0000000000000049 ŌĆö echoing into our pixels
  [app:r3] key event code 0000000000000020 ŌĆö echoing into our pixels
  [app:r3] key event code 0000000000000052 ŌĆö echoing into our pixels
  [app:r3] key event code 0000000000000033 ŌĆö echoing into our pixels
[canvas ] 90 frames | camera world (171,0) zoom 88% | focus 'VIDEO-EDITOR' | hud closed
[keys   ]  PASS  Enter armed type-to-app and 5 keys were routed to the focused surface
[keys   ]  PASS  Esc returned the keyboard to canvas navigation
[keys   ] pixel-decoded from the published front buffer: "HI R3"
[keys   ]  PASS  app painted the typed text ŌĆö pixels decode back to "HI R3"
[canvas ] 30 frames | camera world (366,0) zoom 88% | focus 'VIDEO-EDITOR' | hud closed
[keys   ]  PASS  post-Esc keys move the camera again and the app receives none
[keys   ] RESULT: 5 passed, 0 failed
[keys   ] KEYBOARD ROUTING VERIFIED ŌĆö the focused app owns the keys, end to end
-- done --
-- METROPOLIS-TERMINAL: spatial canvas (interactive) --
[canvas ] 120 frames | camera world (0,0) zoom 100% | focus 'TIME-STREAM' | hud closed
-- done --
-- genuine ring-3 user mode: capability passthrough via SYSCALL trap --
[kernel ] demo device: REAL 'virtio-net' (virtio MMIO @ phys 00000000fe004000)
[kernel ] spawned pid 42 'stream-app' caps 0000000000000011 ŌĆö private PML4 @ phys 0000000001622000
[kernel ] spawned pid 43 'sketchy-app' caps 0000000000000020 ŌĆö private PML4 @ phys 0000000001623000
[kernel ] user program source: ELF module loaded from ISO
[elf    ] loading 'stream-app' from ISO module image at phys 00000000001f0000 (0000000000002cf8 bytes)
[elf    ] PT_LOAD vaddr 0000500000000000 filesz 0000000000002898 memsz 0000000000002898 (ro) -> mapped USER (bounds ok)

[kernel ] --> RING 3 as pid 42 'stream-app' (entry 0000500000000370, caps 0000000000000011, cr3 0000000001622000)
  [elf:r3] user_init.elf alive at ring 3
00000000005ec0de  [elf:r3] callee-saved regs survive SYSCALL: PASS
  [elf:r3] requesting virtio MMIO window via SYSCALL...
[hw     ] GRANT  pid 42 'stream-app' -> 'virtio-net': phys 00000000fe004000 mapped at vaddr 0000400a80000000 (4 pages)
[iommu  ] device 0:3.0 confined to pid 42 DMA domain 57 (7 of its pages reachable)
  [elf:r3] virtio-net MAC read from device registers: 0000525400abcdef
  [elf:r3] opening "motd" via sys_open...
  [elf:r3] file access DENIED (this process lacks CAP_FILESYSTEM)
  [elf:r3] framebuffer access DENIED (no CAP_FRAMEBUFFER)
[kernel ] <-- RING 0: 'stream-app' returned via SYS_EXIT
[elf    ] loading 'sketchy-app' from ISO module image at phys 00000000001f0000 (0000000000002cf8 bytes)
[elf    ] PT_LOAD vaddr 0000500000000000 filesz 0000000000002898 memsz 0000000000002898 (ro) -> mapped USER (bounds ok)

[kernel ] --> RING 3 as pid 43 'sketchy-app' (entry 0000500000000370, caps 0000000000000020, cr3 0000000001623000)
  [elf:r3] user_init.elf alive at ring 3
00000000005ec0de  [elf:r3] callee-saved regs survive SYSCALL: PASS
  [elf:r3] requesting virtio MMIO window via SYSCALL...
[hw     ] DENIED pid 43 'sketchy-app' -> 'virtio-net': lacks CAP_HW_PASSTHROUGH
  [elf:r3] passthrough DENIED, code fffffffffffffffe
  [elf:r3] opening "motd" via sys_open...
  [elf:r3] read from VFS -> motd v2 - overwritten content.
  [elf:r3] framebuffer access DENIED (no CAP_FRAMEBUFFER)
[kernel ] <-- RING 0: 'sketchy-app' returned via SYS_EXIT
[cas    ] put len 512 hash 94eaf0b091e6336f -> block 59 (stored)
[cas    ] put len 512 hash 9127645676d72bce -> block 60 (stored)
[cas    ] put len 512 hash dd1a5ac58176ef20 -> block 61 (stored)
[cas    ] put len 512 hash 80c7228381d38131 -> block 62 (stored)
[cas    ] put len 512 hash 55c6041ba15ecb16 -> block 63 (stored)
[cas    ] put len 512 hash fb903fee8330fe48 -> block 64 (stored)
[cas    ] put len 512 hash 4e9c3a64cc2b9154 -> block 65 (stored)
[cas    ] put len 512 hash 7f8175c50663f1a0 -> block 66 (stored)
[cas    ] put len 512 hash aca7a51ceaf384f8 -> block 67 (stored)
[cas    ] put len 512 hash 3685865ef465cb7f -> block 68 (stored)
[cas    ] put len 512 hash 7da144b97d054b25 -> block 69 (stored)
[cas    ] put len 512 hash 7da144b97d054b25 -> DEDUP to block 69 (no write)
[cas    ] put len 512 hash 7da144b97d054b25 -> DEDUP to block 69 (no write)
[cas    ] put len 512 hash 7da144b97d054b25 -> DEDUP to block 69 (no write)
[cas    ] put len 512 hash 7da144b97d054b25 -> DEDUP to block 69 (no write)
[cas    ] put len 512 hash 7da144b97d054b25 -> DEDUP to block 69 (no write)
[kernel ] spawned pid 44 'cas-exec' caps 0000000000000071 ŌĆö private PML4 @ phys 0000000001640000

[kernel ] exec-from-storage: running 'init' loaded from CAS (not GRUB)
[exec   ] read 8192 ELF bytes from CAS (file_hash 71523820334d96b6) ŌĆö not a GRUB module
[elf    ] reject: segment file range out of bounds
[exec   ] ELF load failed
-- done: capabilities decided per-process ŌĆö hardware for one, files
   for another, both for the CAS-loaded process. --

Type 'help' for commands, 'demo' for the capability walk-through.
outrun> 