c[?7l[2J[0mSeaBIOS (version 1.16.3-debian-1.16.3-2)


iPXE (https://ipxe.org) 00:04.0 CA00 PCI2.10 PnP PMM+1EFCAF10+1EF0AF10 CA00
Press Ctrl-B to configure iPXE (PCI 00:04.0)...                                                                               


Booting from Hard Disk...
Boot failed: not a bootable disk

Booting from Floppy...
Boot failed: could not read the boot disk

Booting from DVD/CD...
[01;01H[2J[02;30HGNU GR[02;35H[02;36HUB  version 2.12[04;02HŌöīŌöĆŌöĆŌöĆŌöĆŌöĆŌöĆŌöĆŌöĆŌöĆŌöĆŌöĆŌöĆŌöĆŌöĆŌöĆŌöĆŌöĆŌöĆŌöĆŌöĆŌöĆŌöĆŌöĆŌöĆŌöĆŌöĆŌöĆŌöĆŌöĆŌöĆŌöĆŌöĆŌöĆŌöĆŌöĆŌöĆŌöĆŌöĆŌöĆŌöĆŌöĆŌöĆŌöĆŌöĆŌöĆŌöĆŌöĆŌöĆŌöĆŌöĆŌöĆŌöĆŌöĆŌöĆŌöĆŌöĆŌöĆŌöĆŌöĆŌöĆŌöĆŌöĆŌöĆŌöĆŌöĆŌöĆŌöĆŌöĆŌöĆŌöĆŌöĆŌöĆŌöĆŌöĆŌöĆŌöĆŌöÉ[05;02HŌöé[05;79HŌöé[06;02HŌöé[06;79HŌöé[07;02HŌöé[07;79HŌöé[08;02HŌöé[08;79HŌöé[09;02HŌöé[09;79HŌöé[10;02HŌöé[10;79HŌöé[11;02HŌöé[11;79HŌöé[12;02HŌöé[12;79HŌöé[13;02HŌöé[13;79HŌöé[14;02HŌöé[14;79HŌöé[15;02HŌöé[15;79HŌöé[16;02HŌöé[16;79HŌöé[17;02HŌöé[17;79HŌöé[18;02HŌööŌöĆŌöĆŌöĆŌöĆŌöĆŌöĆŌöĆŌöĆŌöĆŌöĆŌöĆŌöĆŌöĆŌöĆŌöĆŌöĆŌöĆŌöĆŌöĆŌöĆŌöĆŌöĆŌöĆŌöĆŌöĆŌöĆŌöĆŌöĆŌöĆŌöĆŌöĆŌöĆŌöĆŌöĆŌöĆŌöĆŌöĆŌöĆŌöĆŌöĆŌöĆŌöĆŌöĆŌöĆŌöĆŌöĆŌöĆŌöĆŌöĆŌöĆŌöĆŌöĆŌöĆŌöĆŌöĆŌöĆŌöĆŌöĆŌöĆŌöĆŌöĆŌöĆŌöĆŌöĆŌöĆŌöĆŌöĆŌöĆŌöĆŌöĆŌöĆŌöĆŌöĆŌöĆŌöĆŌöĆŌöś[20;02H     Use the Ōåæ and Ōåō keys to select which entry is high[20;56H[20;57Hlighted.          
      Press enter to boot the selected OS, `e' to edit the commands       
      before booting or `c' for a command-line.                           [05;80H [05;03H[0;30;47m*Outrun OS (kernel 0.30.0-metal)                                            [06;03H[0m                                                                            [07;03H                                                                            [08;03H                                                                            [09;03H                                                                            [10;03H                                                                            [11;03H                                                                            [12;03H                                                                          [12;76H[12;77H  [13;03H                                                                            [14;03H                                                                            [15;03H                                                                            [16;03H                                                                            [17;03H    [17;06H[17;07H                                                                        [17;80H 





   The highlighted entry will be executed automatically in 2s.                 [05;78H

















   The highlighted entry will be executed automatically in 1s.                 [05;78H

















   The highlig[23;14H[23;15Hhted entry will be executed automatically in 0s.                 [01;01H[2J[2J
  ....................................................................
  :   OUTRUN OS  --  bare-metal kernel 0.41.0-metal                   :
  :   Assembly bootstrap -> x86_64 long mode -> freestanding C core  :
  ....................................................................

[kernel ] long mode active, kernel at 1 MiB, first GiB identity-mapped
[kernel ] IDT loaded (52 vectors incl. IPI 48-50 + slice tick 51), PIC remapped, PIT @ 100 Hz, IRQs on
[kernel ] consoles: VGA text + COM1 serial (115200 8N1) ŌĆö both live
[kernel ] booted by: GRUB 2.12-1ubuntu7.3
[kernel ] boot module 'user_init.elf' at phys 00000000001f0000..00000000001f2cf8 (user ELF)
[kernel ] physical memory map (Multiboot2):
           0000000000000000 + 000000000009fc00  USABLE RAM
           000000000009fc00 + 0000000000000400  reserved
           00000000000f0000 + 0000000000010000  reserved
           0000000000100000 + 000000001fedd000  USABLE RAM
           000000001ffdd000 + 0000000000023000  reserved
           00000000fffc0000 + 0000000000040000  reserved
           000000fd00000000 + 0000000300000000  reserved
           total usable: 511 MiB
[kernel ] framebuffer: 1024x768 x32 bpp, pitch 4096, phys 00000000fd000000
[acpi   ] RSDP (ACPI 1.0) provided by bootloader
[kernel ] capability table initialized (16 slots, kernel-owned)
[kernel ] paging: boot PML4 @ phys 000000000012b000; process frame pool from 16 MiB
[kernel ] W^X enforced: kernel .text R+X, all other pages RW+NX
[sweep  ] descriptor-table integrity sweep armed: 64 entries/tick @ 100 Hz

-- real 4-level page-table hardware passthrough --
[hw     ] device 'sensor0' registers at phys 0000000001001000, sentinel 0x00000000cafebabe, requires CAMERA
[kernel ] spawned pid 1 'stream-app' caps 0000000000000003 ŌĆö private PML4 @ phys 0000000001002000
[kernel ] spawned pid 2 'sketchy-app' caps 0000000000000020 ŌĆö private PML4 @ phys 0000000001003000

[test   ] authorized process maps the device:
[hw     ] GRANT  pid 1 'stream-app' -> 'sensor0': phys 0000000001001000 mapped at vaddr 0000400040000000 (1 pages)
[paging ] 'stream-app' PTE: vaddr 0000400040000000 -> phys 0000000001001000
[paging ] 'stream-app' read through its OWN address space: 0x00000000cafebabe  == sentinel (REAL mapping resolves)

[test   ] unauthorized process attempts the same device:
[hw     ] DENIED pid 2 'sketchy-app' -> 'sensor0': lacks CAP_HW_PASSTHROUGH
[paging ] 'sketchy-app' passthrough returned -2; device vaddr present in its space? NO (sandboxed, nothing mapped)
-- done: authorized app holds a real MMIO mapping; unauthorized was dropped --
[iommu  ] no DMAR table ŌĆö platform has no VT-d remapping hardware

[pci    ] enumerating bus 0 (config mechanism #1, ports 0xCF8/0xCFC):
[pci    ]   0:00.0  vendor 8086 device 1237 class 600
[pci    ]   1:00.0  vendor 8086 device 7000 class 601
[pci    ]   2:00.0  vendor 1234 device 1111 class 300
[pci    ]   3:00.0  vendor 1af4 device 1042 class 100
[vblk   ] virtio-blk at 0:3.0 ŌĆö bringing up modern driver
[vblk   ] device features: hi 101 lo 30006e54 (VERSION_1=1)
[vblk   ] capacity: 8192 sectors (4 MiB)
[vblk   ] DRIVER_OK ŌĆö queue0 size 64, notify_off 0, mult 4 ŌĆö READY
[vblk   ] interrupt-driven: INTx on IRQ 11 (vector 43), ISR reg mapped
[pci    ]   4:00.0  vendor 1af4 device 1041 class 200
[vnet   ] virtio-net at 0:4.0 ŌĆö bringing up modern driver
[vnet   ] MAC 52:54:0:ab:cd:ef
[vnet   ] DRIVER_OK ŌĆö rxq 16 txq 16, INTx IRQ 11 ŌĆö READY
[sched  ] round-robin up: main=tid0, idle=tid1 (PIT preemption on demand)
[poly   ] C++ SPSC ring: pushed 12, popped 12 -> "polyglot-ipc" (depth 0)
-- content-addressable storage on virtio-blk (Rust-hashed) --
[cas    ] no volume signature; formatting a fresh CAS volume
[cas    ] formatted 8192 blocks: bitmap@1(2) index@3(16) dir@19(8) data@27
[cas    ] put len 46 hash 155c834afdff66eb -> block 27 (stored)
[cas    ] put len 47 hash bc6c7bd024077f72 -> block 28 (stored)
[cas    ] put len 46 hash 155c834afdff66eb -> DEDUP to block 27 (no write)
[cas    ] get 155c834afdff66eb -> "Hello, Outrun CAS! The content is the address." (46 bytes read from disk)
[cas    ] dedup: hash(a)==hash(a')? YES ; blocks used this run +2
[vblk   ] I/O completions delivered by INTERRUPT: 48
-- done (state persisted to disk) --
-- VFS: named files over CAS (multi-block, dedup, copy-on-write) --
[cas    ] put len 70 hash 84244543d2d93a3d -> block 29 (stored)
[cas    ] put len 512 hash aea49363f1ef848d -> block 30 (stored)
[cas    ] put len 512 hash fb04efdab6d2ed4d -> block 31 (stored)
[cas    ] put len 376 hash 7f4fe244e98a0963 -> block 32 (stored)
[vfs    ] directory:
[vfs    ]   motd  (70 bytes, 1 chunks, hash 84244543d2d93a3d)
[vfs    ]   readme  (1400 bytes, 3 chunks, hash 0abbc20b3944d403)
[vfs    ] read 'readme' (1400 bytes, spans 3 blocks): content verified
[cas    ] put len 32 hash 50fc444c0771b178 -> block 33 (stored)
[vfs    ] copy-on-write 'motd': hash 84244543d2d93a3d -> 50fc444c0771b178 (immutable blocks, name repointed)
[cas    ] put len 512 hash aea49363f1ef848d -> DEDUP to block 30 (no write)
[cas    ] put len 512 hash fb04efdab6d2ed4d -> DEDUP to block 31 (no write)
[cas    ] put len 376 hash 7f4fe244e98a0963 -> DEDUP to block 32 (no write)
[vfs    ] 'readme_copy' identical to 'readme' -> blocks used +0 (CAS dedup)
-- done --
-- preemptive scheduler + multiple outstanding I/O --
[sched  ] submitted 8 reads without blocking; in-flight now 8
[sched  ] all 8 done; PEAK concurrent in-flight tags = 8
[worker ] tid4 did 4 write+read cycles: verified
[worker ] tid2 did 4 write+read cycles: verified
[worker ] tid3 did 4 write+read cycles: verified
[worker ] tid5 did 4 write+read cycles: verified
[sched  ] 4 worker threads completed; wakes routed to specific TIDs
[sched  ] preemption proof: non-yielding spinner advanced to 37255254 while main
[sched  ]   also ran (0 would mean no time-slicing occurred)
[vblk   ] lifetime interrupt completions: 173
-- done --
-- async IRQ routing: NIC interrupt wakes a parked thread --
[netd   ] tid2 holds CAP_NETWORK; TX ARP who-has 10.0.2.2
[netd   ] sys_wait_event(NET_RX): parking until the NIC interrupts...
[netd   ] woken by IRQ; RX 76 bytes, ethertype 806
[netd   ] ARP reply: 10.0.2.2 is-at 52:55:a:0:2:2 (parsed in place)
[net    ] zero-copy IP/UDP router: DHCP round-trip through a port filter
[dhcpd  ] tid2 bound UDP port 68 -> execution slot 0
[dhcpd  ] TX DHCPDISCOVER (291 bytes), waiting on port-68 slot...
[dhcpd  ] router delivered 548-byte UDP payload (zero-copy pointer)
[dhcpd  ] DHCP OFFER: offered IP 10.0.2.15, server 10.0.2.2
-- done --
-- Time-Stream Engine: chronological index + local vector query --
[stream ] chronological timeline (9 events, all vector-indexed):
[stream ]  #0  t=14  FILE  vfs: wrote file motd
[stream ]  #1  t=17  FILE  vfs: wrote file readme
[stream ]  #2  t=18  FILE  vfs: wrote file motd
[stream ]  #3  t=20  FILE  vfs: wrote file readme_copy
[stream ]  #4  t=43  COMM  Sarah: shared the Q3 revenue chart deck
[stream ]  #5  t=43  COMM  DevTeam: merged the microkernel scheduler patch
[stream ]  #6  t=43  COMM  Ops: flagged a network gateway DHCP change
[stream ]  #7  t=43  SYS   netd: received DHCP offer 10.0.2.15 from gateway
[stream ]  #8  t=43  SYS   sched: ran four concurrent worker threads
[stream ] query "the Q3 chart Sarah sent":
[stream ]   -> COMM Sarah: shared the Q3 revenue chart deck  (score 4)
[stream ]   -> COMM DevTeam: merged the microkernel scheduler patch  (score 1)
[stream ] query "scheduler patch":
[stream ]   -> COMM DevTeam: merged the microkernel scheduler patch  (score 2)
[stream ] query "dhcp gateway address":
[stream ]   -> COMM Ops: flagged a network gateway DHCP change  (score 2)
[stream ]   -> SYS  netd: received DHCP offer 10.0.2.15 from gateway  (score 2)
-- done --
-- PRODUCTION VALIDATION MATRIX --
[valid  ] capability audit:
[kernel ] spawned pid 3 'audit-none' caps 0000000000000000 ŌĆö private PML4 @ phys 0000000001014000
[kernel ] spawned pid 4 'audit-fs' caps 0000000000000020 ŌĆö private PML4 @ phys 0000000001015000
[valid  ]  PASS  sys_open  denied w/o CAP_FILESYSTEM
[valid  ]  PASS  sys_read  denied w/o CAP_FILESYSTEM
[valid  ]  PASS  sys_write denied w/o CAP_FILESYSTEM
[valid  ]  PASS  sys_wait_event denied w/o CAP_NETWORK
[valid  ]  PASS  sys_map_fb denied w/o CAP_FRAMEBUFFER
[valid  ]  PASS  sys_open  passes cap gate w/ CAP_FILESYSTEM
[valid  ] ELF loader bounds-checking:
[elf    ] PT_LOAD vaddr 0000500000000000 filesz 0000000000000000 memsz 0000000000001000 (ro) -> mapped USER (bounds ok)
[valid  ]  PASS  valid minimal ELF accepted
[elf    ] reject: image smaller than ELF header
[valid  ]  PASS  reject: image smaller than header
[elf    ] reject: program header table out of bounds
[valid  ]  PASS  reject: phdr table out of bounds
[elf    ] reject: segment file range out of bounds
[valid  ]  PASS  reject: segment file range out of bounds
[elf    ] reject: segment vaddr 0000000000001000 outside user range
[valid  ]  PASS  reject: segment vaddr outside user range
[elf    ] reject: entry 0000000000001000 outside user range
[valid  ]  PASS  reject: entry outside user range
[elf    ] reject: memsz < filesz
[valid  ]  PASS  reject: memsz < filesz
[valid  ] CAS/VFS round-trip integrity:
[cas    ] put len 512 hash 6404ff35e8dec725 -> block 34 (stored)
[valid  ]  PASS  CAS put/get byte-exact round-trip
[cas    ] put len 512 hash 6404ff35e8dec725 -> DEDUP to block 34 (no write)
[valid  ]  PASS  CAS dedup: identical put -> same hash
[valid  ]  PASS  CAS dedup: identical put -> no new block
[valid  ]  PASS  CAS get of unknown hash -> not found
[cas    ] put len 512 hash 510b231af2415325 -> block 35 (stored)
[cas    ] put len 512 hash 510b231af2415325 -> DEDUP to block 35 (no write)
[cas    ] put len 276 hash ab06722f02efa055 -> block 36 (stored)
[valid  ]  PASS  VFS multi-block write/read round-trip
[cas    ] put len 512 hash 510b231af2415325 -> DEDUP to block 35 (no write)
[cas    ] put len 388 hash 668072e4108a11d5 -> block 37 (stored)
[valid  ]  PASS  VFS copy-on-write changes file hash
[valid  ] RESULT: 19 passed, 0 failed
[valid  ] ALL CHECKS PASSED ŌĆö image is production-verified
-- done --
-- EXHAUSTIVE ISOLATION & HARDENING INVARIANTS --
[kernel ] spawned pid 5 'inv-cap' caps 0000000000000000 ŌĆö private PML4 @ phys 000000000101f000
[invar  ]  PASS  no cap-mask escalates sys_open
[invar  ]  PASS  no cap-mask escalates sys_read
[invar  ]  PASS  no cap-mask escalates sys_write_file
[invar  ]  PASS  no cap-mask escalates sys_wait_event
[invar  ]  PASS  no cap-mask escalates sys_map_framebuffer
[hw     ] DENIED pid 5 'inv-cap' -> 'sensor0': lacks CAP_HW_PASSTHROUGH
[hw     ] DENIED pid 5 'inv-cap' -> 'sensor0': lacks CAP_HW_PASSTHROUGH
[hw     ] DENIED pid 5 'inv-cap' -> 'sensor0': lacks CAP_HW_PASSTHROUGH
[hw     ] DENIED pid 5 'inv-cap' -> 'sensor0': lacks CAP_HW_PASSTHROUGH
[hw     ] DENIED pid 5 'inv-cap' -> 'sensor0': lacks CAP_HW_PASSTHROUGH
[hw     ] DENIED pid 5 'inv-cap' -> 'sensor0': lacks CAP_HW_PASSTHROUGH
[hw     ] DENIED pid 5 'inv-cap' -> 'sensor0': lacks CAP_HW_PASSTHROUGH
[hw     ] DENIED pid 5 'inv-cap' -> 'sensor0': lacks CAP_HW_PASSTHROUGH
[hw     ] DENIED pid 5 'inv-cap' -> 'sensor0': lacks CAP_HW_PASSTHROUGH
[hw     ] DENIED pid 5 'inv-cap' -> 'sensor0': lacks CAP_HW_PASSTHROUGH
[hw     ] DENIED pid 5 'inv-cap' -> 'sensor0': lacks CAP_HW_PASSTHROUGH
[hw     ] DENIED pid 5 'inv-cap' -> 'sensor0': lacks CAP_HW_PASSTHROUGH
[hw     ] DENIED pid 5 'inv-cap' -> 'sensor0': lacks CAP_HW_PASSTHROUGH
[hw     ] DENIED pid 5 'inv-cap' -> 'sensor0': lacks CAP_HW_PASSTHROUGH
[hw     ] DENIED pid 5 'inv-cap' -> 'sensor0': lacks CAP_HW_PASSTHROUGH
[hw     ] DENIED pid 5 'inv-cap' -> 'sensor0': lacks CAP_HW_PASSTHROUGH
[hw     ] DENIED pid 5 'inv-cap' -> 'sensor0': lacks CAP_HW_PASSTHROUGH
[hw     ] DENIED pid 5 'inv-cap' -> 'sensor0': lacks CAP_HW_PASSTHROUGH
[hw     ] DENIED pid 5 'inv-cap' -> 'sensor0': lacks CAP_HW_PASSTHROUGH
[hw     ] DENIED pid 5 'inv-cap' -> 'sensor0': lacks CAP_HW_PASSTHROUGH
[hw     ] DENIED pid 5 'inv-cap' -> 'sensor0': lacks CAP_HW_PASSTHROUGH
[hw     ] DENIED pid 5 'inv-cap' -> 'sensor0': lacks CAP_HW_PASSTHROUGH
[hw     ] DENIED pid 5 'inv-cap' -> 'sensor0': lacks CAP_HW_PASSTHROUGH
[hw     ] DENIED pid 5 'inv-cap' -> 'sensor0': lacks CAP_HW_PASSTHROUGH
[hw     ] DENIED pid 5 'inv-cap' -> 'sensor0': lacks CAP_HW_PASSTHROUGH
[hw     ] DENIED pid 5 'inv-cap' -> 'sensor0': lacks CAP_HW_PASSTHROUGH
[hw     ] DENIED pid 5 'inv-cap' -> 'sensor0': lacks CAP_HW_PASSTHROUGH
[hw     ] DENIED pid 5 'inv-cap' -> 'sensor0': lacks CAP_HW_PASSTHROUGH
[hw     ] DENIED pid 5 'inv-cap' -> 'sensor0': lacks CAP_HW_PASSTHROUGH
[hw     ] DENIED pid 5 'inv-cap' -> 'sensor0': lacks CAP_HW_PASSTHROUGH
[hw     ] DENIED pid 5 'inv-cap' -> 'sensor0': lacks CAP_HW_PASSTHROUGH
[hw     ] DENIED pid 5 'inv-cap' -> 'sensor0': lacks CAP_HW_PASSTHROUGH
[invar  ]  PASS  no cap-mask escalates sys_hw_passthrough
[invar  ] capability space swept: 192/192 denial checks held
[kernel ] spawned pid 6 'inv-A' caps 0000000000000000 ŌĆö private PML4 @ phys 0000000001020000
[kernel ] spawned pid 7 'inv-B' caps 0000000000000000 ŌĆö private PML4 @ phys 0000000001021000
[invar  ]  PASS  same vaddr resolves to A's own frame in A
[invar  ]  PASS  same vaddr resolves to B's own frame in B
[invar  ]  PASS  processes get physically distinct frames
[invar  ]  PASS  A-private page is NOT visible in B
[invar  ]  PASS  user page PTE present + USER + WRITE
[invar  ]  PASS  kernel page reachable via shared identity
[invar  ]  PASS  kernel page is SUPERVISOR-only (ring3 blocked)
[invar  ]  PASS  processes SHARE identity PML4[0]
[invar  ]  PASS  processes SHARE device-MMIO PML4[0xC0]
[invar  ]  PASS  processes have PRIVATE user PML4[0xA0]
[kernel ] spawned pid 8 'inv-hw' caps 0000000000000003 ŌĆö private PML4 @ phys 000000000102e000
[kernel ] spawned pid 9 'inv-hw2' caps 0000000000000001 ŌĆö private PML4 @ phys 000000000102f000
[invar  ]  PASS  passthrough rejects invalid device handle
[hw     ] GRANT  pid 8 'inv-hw' -> 'sensor0': phys 0000000001001000 mapped at vaddr 0000400200000000 (1 pages)
[invar  ]  PASS  passthrough grants valid device w/ HW+device cap
[hw     ] DENIED pid 9 'inv-hw2' -> 'sensor0': missing device capability
[invar  ]  PASS  passthrough denies device w/o its device-cap (2-level gate)
[invar  ]  PASS  granted device page is USER + cache-disabled
[invar  ]  PASS  device mapping absent from an unrelated space
[invar  ] RESULT: 21 passed, 0 failed
[invar  ] CORE SECURITY BOUNDARY VERIFIED ŌĆö isolation is airtight
-- done --
[kernel ] ring-3 enabled: GDT (8 TSS slots) + BSP TSS loaded, SYSCALL/SYSRET armed
[kernel ]   STAR kern=0x08 user=0x1B, LSTAR=00000000001012f0, TSS0.rsp0=0000000000178640
-- SMP GROUNDWORK: boot every core, prove the cross-core protocols --
[smp    ] MADT: 1 enabled cpu(s): apic0
[smp    ] BSP: apic id 0, LAPIC at 00000000fee00000 (virtual-wire kept: PIT/PIC unchanged)
[smp    ] uniprocessor boot ŌĆö APs: none
-- done --
-- STRESS & ENFORCEMENT (fault injection + TLB/CR3 + W^X/NX) --
[stress ]  PASS  kernel address space has ZERO writable+executable pages
[stress ] scanned 1032 kernel leaf pages, 0 W+X
[kernel ] spawned pid 10 'stress-wx' caps 0000000000000020 ŌĆö private PML4 @ phys 0000000001035000
[stress ]  PASS  user address space has ZERO writable+executable pages
[stress ]  PASS  executing a data page traps (#PF, NX enforced)
[stress ]  PASS  writing to R+X kernel code traps (#PF, code immutable)
[stress ]  PASS  invlpg after remap: no stale TLB entry (sees new frame, all cores shot down)
[kernel ] spawned pid 11 'churn-A' caps 0000000000000000 ŌĆö private PML4 @ phys 0000000001040000
[kernel ] spawned pid 12 'churn-B' caps 0000000000000000 ŌĆö private PML4 @ phys 0000000001041000
[stress ]  PASS  20000 CR3 switches under preemption keep spaces isolated
[stress ]  PASS  page-table auditor detects a flipped reserved bit
[kernel ] spawned pid 13 'oom' caps 0000000000000020 ŌĆö private PML4 @ phys 000000000104a000
[stress ]  PASS  allocator exhaustion returns failure cleanly (no panic)
[kernel ] spawned pid 14 'stack-bomb' caps 0000000000000000 ŌĆö private PML4 @ phys 000000000104f000

[kernel ] --> RING 3 as pid 14 'stack-bomb' (entry 0000500000000000, caps 0000000000000000, cr3 000000000104f000)

[guard  ] STACK OVERFLOW: ring-3 pid 14 hit guard page @ 0000500000fefff8 ŌĆö task terminated
[kernel ] <-- RING 0: 'stack-bomb' returned via SYS_EXIT
[stress ]  PASS  ring-3 stack overflow trapped by guard page
[stress ]  PASS  stack canary detects local buffer overflow
[stress ] RESULT: 10 passed, 0 failed
[stress ] STRESS & ENFORCEMENT CLEAN ŌĆö no races, W^X/NX hold
-- done --
-- SYSCALL ARGUMENT FUZZING --
[kernel ] spawned pid 15 'fuzz' caps 0000000000000000 ŌĆö private PML4 @ phys 0000000001059000
[fuzz   ]  PASS  SYS_OPEN valid user name pointer succeeds
[fuzz   ]  PASS  SYS_OPEN kernel-address name rejected (EFAULT)
[fuzz   ]  PASS  SYS_WRITE kernel-address string rejected (no kernel leak)
[fuzz   ]  PASS  SYS_WRITE unmapped user pointer rejected
[fuzz   ]  PASS  SYS_READ into kernel memory rejected (no kernel write)
[fuzz   ]  PASS  SYS_READ into valid user buffer succeeds
[fuzz   ] 20000 randomized calls: 12445 rejected, 7555 ok ŌĆö kernel never faulted
[fuzz   ]  PASS  post-fuzz: kernel still has ZERO writable+executable pages
[fuzz   ]  PASS  post-fuzz: fuzz process isolation intact (private user PML4)
[fuzz   ] RESULT: 8 passed, 0 failed
[fuzz   ] SYSCALL BOUNDARY HARDENED ŌĆö all adversarial pointers rejected
-- done --
-- DESCRIPTOR-TABLE INTEGRITY SWEEP (background, tick-driven) --
[sweep  ] armed=1  batch=64 entries/tick @ 100 Hz
[sweep  ] full passes completed: 4
[sweep  ] leaf entries audited:  5150
[sweep  ] violations found:      0
[sweep  ] injecting reserved-bit flip into live PD entry 1 ...
[sweep  ]  PASS  background sweep caught corruption at va 0000000000200000 after 11 ticks
[sweep  ] entry repaired; violations counter now 1
-- done --
-- SMP: per-CPU state, IPIs, TLB shootdown, cross-core atomics --
[smp    ] 1 cpu(s) in MADT, 1 online
[smp    ]  PASS  every MADT-enumerated cpu reached 64-bit kernel C (or single-cpu boot)
[smp    ]  PASS  per-CPU areas via GS: each cpu sees its own identity, APIC ids distinct
[smp    ]  PASS  targeted fixed-vector IPI delivered to and acknowledged by every AP (0 APs: trivially holds)
[smp    ]  PASS  concurrent lock-xadd from ALL cpus totals exactly (single cpu: local check)
[smp    ]  PASS  TLB shootdown acknowledged by every remote cpu (0 remotes: local invlpg)
[smp    ]  PASS  after remap+shootdown reads see the NEW frame (single cpu: local path)
[smp    ] RESULT: 6 passed, 0 failed
[smp    ] SMP GROUNDWORK VERIFIED ŌĆö every core boots, IPIs and shootdowns are real
-- done --
-- PARALLEL WORK DISPATCH: work-stealing job runner across cores --
[par    ] 2048 units over 1 core(s): cpu0=2048 | result d522f943ba492800 vs serial d522f943ba492800
[par    ]  PASS  work conservation: every unit processed exactly once (sum of claims == units)
[par    ]  PASS  correctness: parallel reduction equals the serial reference bit-for-bit
[par    ]  PASS  distribution: the job was spread across multiple cores (or 1 on a uniprocessor)
[par    ]  PASS  sensitivity: a one-bit change to the data changes the parallel result
[par    ]  PASS  determinism: restoring the data reproduces the original result
[par    ] RESULT: 5 passed, 0 failed
[par    ] PARALLEL DISPATCH VERIFIED ŌĆö single-cpu inline path, reduction is exact
-- done --
-- PARALLEL PAGE-TABLE INTEGRITY AUDIT (real workload on all cores) --
[audit  ] enumerated 515 PD-entry units across the kernel address space
[audit  ]  PASS  enumeration fit the audit table (no truncation)
[audit  ] 515 units over 1 core(s): cpu0=515 | parallel viol 0 vs serial 0
[audit  ]  PASS  work conservation: every enumerated unit audited exactly once
[audit  ]  PASS  clean kernel: the parallel audit finds ZERO violations
[audit  ]  PASS  parallel verdict equals the serial auditor bit-for-bit
[audit  ]  PASS  distribution: the audit was spread across cores (or 1 on a uniprocessor)
[audit  ] injected 1 corruption at huge PDE 1 -> parallel audit saw 1 (want 1), after repair 0
[audit  ]  PASS  injected reserved-bit corruption is CAUGHT by the parallel audit
[audit  ]  PASS  after repair the parallel audit returns to a clean verdict
[audit  ] RESULT: 7 passed, 0 failed
[audit  ] PARALLEL INTEGRITY AUDIT VERIFIED ŌĆö all cores, exact, corruption caught
-- done --
-- MULTI-CORE SCHEDULING: an AP autonomously runs a ring-3 thread --
[kernel ] spawned pid 16 'mc-thread' caps 0000000000000000 ŌĆö private PML4 @ phys 0000000001179000
[elf    ] PT_LOAD vaddr 0000500000000000 filesz 0000000000002898 memsz 0000000000002898 (ro) -> mapped USER (bounds ok)
[mcsched] uniprocessor boot ŌĆö running the thread on the BSP (no AP available)
  [mc :r3] ring-3 thread executing on an APPLICATION PROCESSOR
  [mc :r3] SYS_GETPID via the AP's own SYSCALL path -> pid 0000000000000010
[mcsched]  PASS  ring-3 thread ran and returned (single-cpu path)
[mcsched]  PASS  capability gate resolved the thread's identity (exit code == pid)
[mcsched] BSP ran pid 16 -> exit code 16 (want 16)
[mcsched] RESULT: 2 passed, 0 failed
[mcsched] MULTI-CORE SCHEDULING VERIFIED ŌĆö a ring-3 thread ran on an application processor
-- done --
-- CONCURRENT SCHEDULING: per-CPU queues, stealing, several cores in ring 3 at once --
[kernel ] spawned pid 17 'mcq-probe' caps 0000000000000000 ŌĆö private PML4 @ phys 0000000001185000
[elf    ] PT_LOAD vaddr 0000500000000000 filesz 0000000000002898 memsz 0000000000002898 (ro) -> mapped USER (bounds ok)
[mcq    ] BSP entering ring 3 CONCURRENTLY with the APs...
[mcq    ]   pid 17: exit 17 (want 17)  ran_on mask 1  finish#2
[mcq    ]   cpu0 ran 1 task(s), stole 0
[mcq    ] ring-3 concurrency high-water mark: 1 core(s) at once
[mcq    ]  PASS  every probe ran to completion
[mcq    ]  PASS  every exit code == its pid (no identity bleed across per-CPU entry paths)
[mcq    ]  PASS  the executed-task count matches the probes dispatched
[mcq    ]  SKIP  concurrency high-water needs >= 2 cpus (uniprocessor boot)
[mcq    ] RESULT: 3 passed, 0 failed
[mcq    ] CONCURRENT SCHEDULING VERIFIED ŌĆö queues drained autonomously, ring 3 in parallel
-- done --
-- IPI PREEMPTION: force a ring-3 thread off its core mid-loop, resume it on ANOTHER --
[kernel ] spawned pid 18 'mcpre-long' caps 0000000000000000 ŌĆö private PML4 @ phys 0000000001191000
[elf    ] PT_LOAD vaddr 0000500000000000 filesz 0000000000002898 memsz 0000000000002898 (ro) -> mapped USER (bounds ok)
[mcpre  ] uniprocessor boot ŌĆö running the long probe on the BSP; preemption needs a 2nd core
[mcpre  ]  PASS  long probe ran to completion on the BSP (single-cpu degrade)
[mcpre  ]  SKIP  preemption/migration checks (no AP online)
[mcpre  ] RESULT: 1 passed, 0 failed
[mcpre  ] IPI PREEMPTION VERIFIED ŌĆö a ring-3 context was forced out, migrated, and resumed
-- done --
-- TIME-SLICING: one AP round-robins several ring-3 threads off its own LAPIC timer --
[kernel ] spawned pid 19 'slice-probe' caps 0000000000000000 ŌĆö private PML4 @ phys 000000000119d000
[elf    ] PT_LOAD vaddr 0000500000000000 filesz 0000000000002898 memsz 0000000000002898 (ro) -> mapped USER (bounds ok)
[kernel ] spawned pid 20 'slice-probe' caps 0000000000000000 ŌĆö private PML4 @ phys 00000000011a9000
[elf    ] PT_LOAD vaddr 0000500000000000 filesz 0000000000002898 memsz 0000000000002898 (ro) -> mapped USER (bounds ok)
[kernel ] spawned pid 21 'slice-probe' caps 0000000000000000 ŌĆö private PML4 @ phys 00000000011b5000
[elf    ] PT_LOAD vaddr 0000500000000000 filesz 0000000000002898 memsz 0000000000002898 (ro) -> mapped USER (bounds ok)
[slice  ] uniprocessor boot ŌĆö no AP, no LAPIC slice timer; running the probes sequentially on the BSP
[slice  ]  PASS  all probes ran to completion on the BSP (single-cpu degrade)
[slice  ]  SKIP  slicing/interleave checks (needs an AP with its own timer)
[slice  ] RESULT: 1 passed, 0 failed
[slice  ] TIME-SLICING VERIFIED ŌĆö an AP preemptively multitasks ring-3 threads on its own clock
-- done --
-- CONCURRENT IO: BSP + APs execute VFS/CAS/surface syscalls simultaneously --
[kernel ] spawned pid 22 'cio-file' caps 0000000000000020 ŌĆö private PML4 @ phys 00000000011c1000
[elf    ] PT_LOAD vaddr 0000500000000000 filesz 0000000000002898 memsz 0000000000002898 (ro) -> mapped USER (bounds ok)
[kernel ] spawned pid 23 'cio-file' caps 0000000000000020 ŌĆö private PML4 @ phys 00000000011cd000
[elf    ] PT_LOAD vaddr 0000500000000000 filesz 0000000000002898 memsz 0000000000002898 (ro) -> mapped USER (bounds ok)
[kernel ] spawned pid 24 'cio-file' caps 0000000000000020 ŌĆö private PML4 @ phys 00000000011d9000
[elf    ] PT_LOAD vaddr 0000500000000000 filesz 0000000000002898 memsz 0000000000002898 (ro) -> mapped USER (bounds ok)
[kernel ] spawned pid 25 'cio-file' caps 0000000000000020 ŌĆö private PML4 @ phys 00000000011e5000
[elf    ] PT_LOAD vaddr 0000500000000000 filesz 0000000000002898 memsz 0000000000002898 (ro) -> mapped USER (bounds ok)
[kernel ] spawned pid 26 'cio-surf' caps 0000000000000040 ŌĆö private PML4 @ phys 00000000011f1000
[elf    ] PT_LOAD vaddr 0000500000000000 filesz 0000000000002898 memsz 0000000000002898 (ro) -> mapped USER (bounds ok)
[kernel ] spawned pid 27 'cio-surf' caps 0000000000000040 ŌĆö private PML4 @ phys 00000000011fd000
[elf    ] PT_LOAD vaddr 0000500000000000 filesz 0000000000002898 memsz 0000000000002898 (ro) -> mapped USER (bounds ok)
[cas    ] put len 512 hash a35127485492ef25 -> block 38 (stored)
[cas    ] put len 512 hash a35127485492ef25 -> DEDUP to block 38 (no write)
[cas    ] put len 512 hash 3ed84856fcd13525 -> block 39 (stored)
[cas    ] put len 512 hash 3ed84856fcd13525 -> DEDUP to block 39 (no write)
[cas    ] put len 512 hash 312d0b1fe3c69f25 -> block 40 (stored)
[cas    ] put len 512 hash 312d0b1fe3c69f25 -> DEDUP to block 40 (no write)
[cas    ] put len 512 hash c7886f1cb9d75f25 -> block 41 (stored)
[cas    ] put len 512 hash c7886f1cb9d75f25 -> DEDUP to block 41 (no write)
[cas    ] put len 512 hash 53c11ff5a77cc725 -> block 42 (stored)
[cas    ] put len 512 hash 53c11ff5a77cc725 -> DEDUP to block 42 (no write)
[cio    ] uniprocessor boot ŌĆö running all six workers sequentially on the BSP
[cas    ] put len 512 hash 765c6b1e9ab21725 -> block 43 (stored)
[cas    ] put len 512 hash 765c6b1e9ab21725 -> DEDUP to block 43 (no write)
[cas    ] put len 512 hash 765c6b1e9ab21725 -> DEDUP to block 43 (no write)
[cas    ] put len 512 hash 765c6b1e9ab21725 -> DEDUP to block 43 (no write)
[cas    ] put len 512 hash a2f02b3788070325 -> block 44 (stored)
[cas    ] put len 512 hash a2f02b3788070325 -> DEDUP to block 44 (no write)
[cas    ] put len 512 hash a2f02b3788070325 -> DEDUP to block 44 (no write)
[cas    ] put len 512 hash a2f02b3788070325 -> DEDUP to block 44 (no write)
[cas    ] put len 512 hash db91f582f85c4525 -> block 45 (stored)
[cas    ] put len 512 hash db91f582f85c4525 -> DEDUP to block 45 (no write)
[cas    ] put len 512 hash db91f582f85c4525 -> DEDUP to block 45 (no write)
[cas    ] put len 512 hash db91f582f85c4525 -> DEDUP to block 45 (no write)
[cas    ] put len 512 hash 2bf0edbdb0329325 -> block 46 (stored)
[cas    ] put len 512 hash 2bf0edbdb0329325 -> DEDUP to block 46 (no write)
[cas    ] put len 512 hash 2bf0edbdb0329325 -> DEDUP to block 46 (no write)
[cas    ] put len 512 hash 2bf0edbdb0329325 -> DEDUP to block 46 (no write)
[cas    ] put len 512 hash f652b7668481ef25 -> block 47 (stored)
[cas    ] put len 512 hash f652b7668481ef25 -> DEDUP to block 47 (no write)
[cas    ] put len 512 hash f652b7668481ef25 -> DEDUP to block 47 (no write)
[cas    ] put len 512 hash f652b7668481ef25 -> DEDUP to block 47 (no write)
[cas    ] put len 512 hash 117e3e9b1a626f25 -> block 48 (stored)
[cas    ] put len 512 hash 117e3e9b1a626f25 -> DEDUP to block 48 (no write)
[cas    ] put len 512 hash 117e3e9b1a626f25 -> DEDUP to block 48 (no write)
[cas    ] put len 512 hash 117e3e9b1a626f25 -> DEDUP to block 48 (no write)
[cas    ] put len 512 hash 69ec03f362033725 -> block 49 (stored)
[cas    ] put len 512 hash 69ec03f362033725 -> DEDUP to block 49 (no write)
[cas    ] put len 512 hash 69ec03f362033725 -> DEDUP to block 49 (no write)
[cas    ] put len 512 hash 69ec03f362033725 -> DEDUP to block 49 (no write)
[cas    ] put len 512 hash 8cfd7197f65d2d25 -> block 50 (stored)
[cas    ] put len 512 hash 8cfd7197f65d2d25 -> DEDUP to block 50 (no write)
[cas    ] put len 512 hash 8cfd7197f65d2d25 -> DEDUP to block 50 (no write)
[cas    ] put len 512 hash 8cfd7197f65d2d25 -> DEDUP to block 50 (no write)
[cas    ] put len 512 hash 0b59bcd442688925 -> block 51 (stored)
[cas    ] put len 512 hash 0b59bcd442688925 -> DEDUP to block 51 (no write)
[cas    ] put len 512 hash 0b59bcd442688925 -> DEDUP to block 51 (no write)
[cas    ] put len 512 hash 0b59bcd442688925 -> DEDUP to block 51 (no write)
[cas    ] put len 512 hash 29d8798064f0f725 -> block 52 (stored)
[cas    ] put len 512 hash 29d8798064f0f725 -> DEDUP to block 52 (no write)
[cas    ] put len 512 hash 29d8798064f0f725 -> DEDUP to block 52 (no write)
[cas    ] put len 512 hash 29d8798064f0f725 -> DEDUP to block 52 (no write)
[cas    ] put len 512 hash 454c5149aa173725 -> block 53 (stored)
[cas    ] put len 512 hash 454c5149aa173725 -> DEDUP to block 53 (no write)
[cas    ] put len 512 hash 454c5149aa173725 -> DEDUP to block 53 (no write)
[cas    ] put len 512 hash 454c5149aa173725 -> DEDUP to block 53 (no write)
[cas    ] put len 512 hash 42525ad0b2e5f325 -> block 54 (stored)
[cas    ] put len 512 hash 42525ad0b2e5f325 -> DEDUP to block 54 (no write)
[cas    ] put len 512 hash 42525ad0b2e5f325 -> DEDUP to block 54 (no write)
[cas    ] put len 512 hash 42525ad0b2e5f325 -> DEDUP to block 54 (no write)
[cas    ] put len 512 hash 53c11ff5a77cc725 -> DEDUP to block 42 (no write)
[cas    ] put len 512 hash 53c11ff5a77cc725 -> DEDUP to block 42 (no write)
[cas    ] put len 512 hash 53c11ff5a77cc725 -> DEDUP to block 42 (no write)
[cas    ] put len 512 hash 53c11ff5a77cc725 -> DEDUP to block 42 (no write)
[cas    ] put len 512 hash e2f26f0fb00e3525 -> block 55 (stored)
[cas    ] put len 512 hash e2f26f0fb00e3525 -> DEDUP to block 55 (no write)
[cas    ] put len 512 hash e2f26f0fb00e3525 -> DEDUP to block 55 (no write)
[cas    ] put len 512 hash e2f26f0fb00e3525 -> DEDUP to block 55 (no write)
[cas    ] put len 512 hash f0f9775335f7ef25 -> block 56 (stored)
[cas    ] put len 512 hash f0f9775335f7ef25 -> DEDUP to block 56 (no write)
[cas    ] put len 512 hash f0f9775335f7ef25 -> DEDUP to block 56 (no write)
[cas    ] put len 512 hash f0f9775335f7ef25 -> DEDUP to block 56 (no write)
[cas    ] put len 512 hash 149050e888de8325 -> block 57 (stored)
[cas    ] put len 512 hash 149050e888de8325 -> DEDUP to block 57 (no write)
[cas    ] put len 512 hash 149050e888de8325 -> DEDUP to block 57 (no write)
[cas    ] put len 512 hash 149050e888de8325 -> DEDUP to block 57 (no write)
[surface] pid 26 owns surface 6 (64x64) DOUBLE-BUFFERED at user vaddr 0000530000000000 (+4 pages back)
[surface] slot 6 reclaimed on owner exit ŌĆö 8 pages (phys 0000000001209000) back on the free list
[surface] pid 26 owns surface 6 (64x64) DOUBLE-BUFFERED at user vaddr 0000530000000000 (+4 pages back) (recycled pixel buffers)
[surface] slot 6 reclaimed on owner exit ŌĆö 8 pages (phys 0000000001209000) back on the free list
[surface] pid 27 owns surface 7 (64x64) DOUBLE-BUFFERED at user vaddr 0000530000000000 (+4 pages back) (recycled pixel buffers)
[surface] slot 7 reclaimed on owner exit ŌĆö 8 pages (phys 0000000001209000) back on the free list
[surface] pid 27 owns surface 7 (64x64) DOUBLE-BUFFERED at user vaddr 0000530000000000 (+4 pages back) (recycled pixel buffers)
[surface] slot 7 reclaimed on owner exit ŌĆö 8 pages (phys 0000000001209000) back on the free list
[cio    ]  PASS  all six workers ran to completion (watchdog: no cross-core deadlock)
[cio    ]   pid 22 'cio-file': exit 22 (want 22)  ran_on 1
[cio    ]   pid 23 'cio-file': exit 23 (want 23)  ran_on 1
[cio    ]   pid 24 'cio-file': exit 24 (want 24)  ran_on 1
[cio    ]   pid 25 'cio-file': exit 25 (want 25)  ran_on 1
[cio    ]   pid 26 'cio-surf': exit 26 (want 26)  ran_on 1
[cio    ]   pid 27 'cio-surf': exit 27 (want 27)  ran_on 1
[cio    ]  PASS  every worker verified every byte it read back (exit == pid, no 6xx/7xx)
[cio    ]  SKIP  cross-core simultaneity checks (uniprocessor boot)
[cio    ]  PASS  each worker file holds EXACTLY its final-round pattern (no torn write)
[cio    ]  PASS  the shared file (16 racing writes) is ONE uniform image (whole-file writes atomic)
[cio    ]  PASS  directory: no duplicate names claimed by racing writers
[cio    ]  PASS  every live chunk hash resolves in the CAS index
[cio    ] allocation bitmap: 58 bits set, superblock used_blocks 58
[cio    ]  PASS  used_blocks == popcount(bitmap) (no double-allocated or leaked block)
[cio    ]  PASS  descriptor array fully released after the storm
[cio    ] surface free list: 1 chunk(s)
[cio    ]  PASS  both churn surfaces were reclaimed on exit (AP exit path reclaims now)
[cio    ]  PASS  free-list pixel chunks are pairwise disjoint (no double-free/overlap)
[cio    ]   lock ofile (rank 1): 881 acquisitions, 0 contended
[cio    ]   lock vfs (rank 2): 170 acquisitions, 0 contended
[cio    ]   lock cas (rank 3): 195 acquisitions, 0 contended
[cio    ]   lock vblk (rank 4): 3407 acquisitions, 0 contended
[cio    ]   lock surf (rank 5): 17 acquisitions, 0 contended
[cio    ]  PASS  no lock left held at quiescence
[cio    ]  PASS  ZERO rank violations across the whole run (lock order held everywhere)
[cio    ] RESULT: 12 passed, 0 failed
[cio    ] CONCURRENT IO VERIFIED ŌĆö the VFS/CAS/surface stack is multi-core reentrant
-- done --
-- IOMMU (INTEL VT-d) STATUS + DMA ISOLATION --
[virt   ] CPUID.1:ECX.VMX = 0 (no VT-x ŌĆö TCG emulation, guest execution unavailable)
[iommu  ] no remapping hardware on this platform (run QEMU with -device intel-iommu)
-- done --
-- CAPABILITY-BOUND DMA DOMAINS --
[capdma ] no IOMMU on this platform ŌĆö run with -device intel-iommu
-- done --
-- RING-3 USERSPACE DEVICE DRIVER --
[kernel ] spawned pid 28 'nic-driver' caps 0000000000000011 ŌĆö private PML4 @ phys 0000000001217000
[drv    ] handing 'virtio-net' to unprivileged pid 28 (kernel leaves the data path)
[elf    ] loading 'nic-driver' from ISO module image at phys 00000000001f0000 (0000000000002cf8 bytes)
[elf    ] PT_LOAD vaddr 0000500000000000 filesz 0000000000002898 memsz 0000000000002898 (ro) -> mapped USER (bounds ok)

[kernel ] --> RING 3 as pid 28 'nic-driver' (entry 0000500000000370, caps 0000000000000011, cr3 0000000001217000)
  [drv:r3] ==== USERSPACE virtio-net DRIVER starting at ring 3 ====
[hw     ] GRANT  pid 28 'nic-driver' -> 'virtio-net': phys 00000000fe004000 mapped at vaddr 0000400700000000 (4 pages)
  [drv:r3] NIC registers mapped into this process at vaddr 0000400700000000
  [drv:r3] own DMA memory: vaddr 0000520000000000 -> phys 0000000001226000
  [drv:r3] negotiated features, FEATURES_OK accepted by device
  [drv:r3] TX virtqueue live in our own pages; DRIVER_OK set
  [drv:r3] *** TX COMPLETED BY HARDWARE *** used.idx=0000000000000001
  [drv:r3] the NIC read the descriptor and frame from THIS PROCESS's
  [drv:r3] memory via DMA, inside its capability-bound IOMMU domain.
[kernel ] <-- RING 0: 'nic-driver' returned via SYS_EXIT
-- done --
[mouse  ] PS/2 mouse online: id 3, 4-byte packets (wheel), IRQ 12
[gfx    ] framebuffer 1024x768 mapped; backbuffer @ 0000000001231000 (double-buffered)
-- Metropolis-Terminal compositor: animated physics loop --
[gfx    ] animated 150 frames (glitch-in + spring + collision), settled. center=00000000000b0f16
-- done (screendump to view) --
-- RING-3 APPLICATION SURFACE (first-class scheduler thread) --
[kernel ] spawned pid 29 'surface-app' caps 0000000000000040 ŌĆö private PML4 @ phys 0000000001531000
[elf    ] PT_LOAD vaddr 0000500000000000 filesz 0000000000002898 memsz 0000000000002898 (ro) -> mapped USER (bounds ok)
[uthread] spawned 'surface-app': pid 29 = tid 2 (role 2) ŌĆö scheduled, not entered
[surface] handing canvas window 4 to unprivileged pid 29
[uthread] tid 2 --> RING 3 as pid 29 'surface-app' (entry 0000500000000370, cr3 0000000001531000)
  [app:r3] ==== RING-3 SURFACE THREAD: live event/render loop ====
[surface] pid 29 owns surface 4 (200x120) DOUBLE-BUFFERED at user vaddr 0000530000000000 (+24 pages back)
  [app:r3] got double-buffered surface at 0000530000000000 ŌĆö drawing back buffers, publishing via SYS_SURFACE_FLIP
[surface] slot 4 bound=1 owner=pid 29 ŌĆö compositor will place its pixels; the app KEEPS RUNNING
-- done --
-- RING-3 PROCESSES AS FIRST-CLASS SCHEDULER THREADS --
[kernel ] spawned pid 30 'ident-A' caps 0000000000000020 ŌĆö private PML4 @ phys 0000000001570000
[elf    ] PT_LOAD vaddr 0000500000000000 filesz 0000000000002898 memsz 0000000000002898 (ro) -> mapped USER (bounds ok)
[uthread] spawned 'ident-A': pid 30 = tid 3 (role 4) ŌĆö scheduled, not entered
[kernel ] spawned pid 31 'ident-B' caps 0000000000000000 ŌĆö private PML4 @ phys 000000000157c000
[elf    ] PT_LOAD vaddr 0000500000000000 filesz 0000000000002898 memsz 0000000000002898 (ro) -> mapped USER (bounds ok)
[uthread] spawned 'ident-B': pid 31 = tid 4 (role 4) ŌĆö scheduled, not entered
[uthread] tid 3 --> RING 3 as pid 30 'ident-A' (entry 0000500000000370, cr3 0000000001570000)
[uthread] tid 4 --> RING 3 as pid 31 'ident-B' (entry 0000500000000370, cr3 000000000157c000)
[uthread] tid 3 pid 30 'ident-A' exited (code 0) ŌĆö thread reaped
[uthread] tid 4 pid 31 'ident-B' exited (code 0) ŌĆö thread reaped
[threads]  PASS  two ring-3 threads ran to completion CONCURRENTLY with the kernel main thread
[threads]  PASS  per-thread process identity survived every context switch (both probers exit 0)
[threads]  PASS  SYS_EXIT reaps the thread (PCB slots returned to the scheduler)
[kernel ] spawned pid 32 'surf-exit' caps 0000000000000040 ŌĆö private PML4 @ phys 0000000001588000
[elf    ] PT_LOAD vaddr 0000500000000000 filesz 0000000000002898 memsz 0000000000002898 (ro) -> mapped USER (bounds ok)
[uthread] spawned 'surf-exit': pid 32 = tid 3 (role 3) ŌĆö scheduled, not entered
[uthread] tid 3 --> RING 3 as pid 32 'surf-exit' (entry 0000500000000370, cr3 0000000001588000)
[surface] pid 32 owns surface 3 (64x64) DOUBLE-BUFFERED at user vaddr 0000530000000000 (+4 pages back) (recycled pixel buffers)
  [x3 :r3] surface slot 3 live; exiting so the kernel reclaims it
[surface] slot 3 reclaimed on owner exit ŌĆö 8 pages (phys 0000000001209000) back on the free list
[uthread] tid 3 pid 32 'surf-exit' exited (code 0) ŌĆö thread reaped
[threads]  PASS  surface reclaimed when its owner exits (slot unbound, buffer on free list)
[kernel ] spawned pid 33 'surf-exit2' caps 0000000000000040 ŌĆö private PML4 @ phys 0000000001597000
[elf    ] PT_LOAD vaddr 0000500000000000 filesz 0000000000002898 memsz 0000000000002898 (ro) -> mapped USER (bounds ok)
[uthread] spawned 'surf-exit2': pid 33 = tid 3 (role 3) ŌĆö scheduled, not entered
[uthread] tid 3 --> RING 3 as pid 33 'surf-exit2' (entry 0000500000000370, cr3 0000000001597000)
[surface] pid 33 owns surface 3 (64x64) DOUBLE-BUFFERED at user vaddr 0000530000000000 (+4 pages back) (recycled pixel buffers)
  [x3 :r3] surface slot 3 live; exiting so the kernel reclaims it
[surface] slot 3 reclaimed on owner exit ŌĆö 8 pages (phys 0000000001209000) back on the free list
[uthread] tid 3 pid 33 'surf-exit2' exited (code 0) ŌĆö thread reaped
[threads]  PASS  reclaimed pixel buffer is RECYCLED by the next surface create (same phys)
[kernel ] spawned pid 34 'stack-bomb-t' caps 0000000000000000 ŌĆö private PML4 @ phys 00000000015a6000
[uthread] tid 3 --> RING 3 as pid 34 'stack-bomb-t' (entry 0000500000000000, cr3 00000000015a6000)

[guard  ] STACK OVERFLOW: ring-3 pid 34 hit guard page @ 0000500000fefff8 ŌĆö task terminated
[uthread] faulting tid 3 terminated ŌĆö siblings and kernel unaffected
[threads]  PASS  faulting ring-3 thread hit the guard page and was terminated (not unwound)
[threads]  PASS  kernel and sibling threads survive the fault (surface app still bound)
[threads] RESULT: 7 passed, 0 failed
[threads] FIRST-CLASS RING-3 THREADS VERIFIED ŌĆö concurrent, isolated, reaped
-- done --
-- DOUBLE-BUFFERED SURFACES: page flip vs tearing --
[kernel ] spawned pid 35 'tear-test' caps 0000000000000040 ŌĆö private PML4 @ phys 00000000015b0000
[elf    ] PT_LOAD vaddr 0000500000000000 filesz 0000000000002898 memsz 0000000000002898 (ro) -> mapped USER (bounds ok)
[uthread] spawned 'tear-test': pid 35 = tid 3 (role 5) ŌĆö scheduled, not entered
[uthread] tid 3 --> RING 3 as pid 35 'tear-test' (entry 0000500000000370, cr3 00000000015b0000)
[surface] pid 35 owns surface 5 (64x64) DOUBLE-BUFFERED at user vaddr 0000530000000000 (+4 pages back) (recycled pixel buffers)
  [tt :r3] tear-test live: 400 alternating full frames via SYS_SURFACE_FLIP
[flip   ]  PASS  ring-3 thread created a double-buffered surface (front+back pair)
[flip   ]  PASS  both buffers are user-mapped in the owner (and only 2*bufpages of them)
[flip   ]  PASS  flips on a slot with NO consumer complete immediately (producer never parks)
[flip   ]  PASS  sibling surface thread kept running while another slot was consumed
[flip   ] consumed 200 published frames: 0 torn, 100/100 color A/B
[flip   ]  PASS  200 frames published through SYS_SURFACE_FLIP under preemption
[flip   ]  PASS  ZERO torn frames: every published front buffer is a COMPLETE frame
[flip   ]  PASS  frames alternate strictly (each flip is exactly one finished frame)
[surface] slot 5 reclaimed on owner exit ŌĆö 8 pages (phys 0000000001209000) back on the free list
[uthread] tid 3 pid 35 'tear-test' exited (code 0) ŌĆö thread reaped
[flip   ]  PASS  double buffer reclaimed as one chunk when the owner exits
[flip   ] RESULT: 8 passed, 0 failed
[flip   ] PAGE FLIP VERIFIED ŌĆö the compositor can no longer observe a half-drawn frame
-- done --
-- CURSOR COORDINATE TRANSLATION INVARIANTS --
[cursor ]  PASS  screen->world->screen round-trip exact at all zooms (<=1 px)
[cursor ] worst round-trip error across 150 samples: 1 px
[cursor ]  PASS  world->screen->world round-trip stable
[cursor ]  PASS  zoom-at-cursor keeps the world point pinned under the pointer
[cursor ] worst anchor drift across 150 zoom ops: 0 world units
[cursor ]  PASS  panning preserves projected size (no drift)
[cursor ]  PASS  2x zoom doubles projected size
[cursor ]  PASS  hit-testing matches rendering (centre of each window picks it)
[cursor ] RESULT: 6 passed, 0 failed
[cursor ] COORDINATE TRANSLATION LOCKED DOWN
-- done --
-- KINETIC CAMERA INVARIANTS --
[kinetic]  PASS  a flick imparts momentum (camera keeps moving after input stops)
[kinetic]  PASS  friction brings the camera to a complete rest
[kinetic] flick settled in 48 frames; glide distance 193 world units
[kinetic]  PASS  glide distance is bounded (no runaway)
[kinetic]  PASS  eased zoom converges to its target
[kinetic]  PASS  anchor stays pinned on EVERY frame of the eased zoom
[kinetic] worst mid-transition anchor drift over 4 zooms: 0 world units
[kinetic]  PASS  commanded glide converges exactly on its target
[kinetic] glide-to-focus converged in 25 frames
[kinetic]  PASS  eased zoom does not overshoot its target
[kinetic]  PASS  zoom stays clamped to 12.5%..400% under repeated impulses
[kinetic]  PASS  dt grouping is EXACT: 100 frames @ dt=2 == 200 frames @ dt=1 (bit-identical)
[kinetic]  PASS  irregular frame times (1..5 ticks) land on the identical camera state
[kinetic]  PASS  window-spring dt grouping is EXACT (60 frames @ dt=2 == 120 @ dt=1)
[kinetic]  PASS  window springs under irregular frame times land on the identical state
[kinetic] RESULT: 12 passed, 0 failed
[kinetic] KINETIC CAMERA VERIFIED ŌĆö momentum settles, anchor never slips
-- done --
-- METROPOLIS-TERMINAL: spatial canvas (interactive) --
[canvas ] 300 frames | camera world (-30,0) zoom 88% | focus 'TIME-STREAM' | hud closed
-- done --
-- INPUT ROUTING TO A LIVE RING-3 THREAD (single canvas pass) --
[canvas ] frame 30: click synthesized at screen (470,400)
  [app:r3] click at surface-local (000000000000001f,0000000000000014) ŌĆö repainting NOW, mid-pass
[canvas ] frame 60: click synthesized at screen (560,440)
  [app:r3] click at surface-local (000000000000005b,0000000000000040) ŌĆö repainting NOW, mid-pass
[canvas ] frame 90: click synthesized at screen (660,470)
  [app:r3] click at surface-local (000000000000009d,0000000000000061) ŌĆö repainting NOW, mid-pass
[canvas ] 150 frames | camera world (-30,0) zoom 88% | focus 'VIDEO-EDITOR' | hud closed
[surfin ] app repainted DURING the pass: 447 hit-marker pixels (0000000000f06a18) in its surface
-- done --
-- KEYBOARD ROUTING TO RING-3 SURFACES (type=2) --
[canvas ] 30 frames | camera world (164,0) zoom 88% | focus 'VIDEO-EDITOR' | hud closed
[keys   ]  PASS  navigation-mode keys steer the camera, none leak to the app
  [app:r3] key event code 0000000000000048 ŌĆö echoing into our pixels
  [app:r3] key event code 0000000000000049 ŌĆö echoing into our pixels
  [app:r3] key event code 0000000000000020 ŌĆö echoing into our pixels
  [app:r3] key event code 0000000000000052 ŌĆö echoing into our pixels
  [app:r3] key event code 0000000000000033 ŌĆö echoing into our pixels
[canvas ] 90 frames | camera world (171,0) zoom 88% | focus 'VIDEO-EDITOR' | hud closed
[keys   ]  PASS  Enter armed type-to-app and 5 keys were routed to the focused surface
[keys   ]  PASS  Esc returned the keyboard to canvas navigation
[keys   ] pixel-decoded from the published front buffer: "HI R3"
[keys   ]  PASS  app painted the typed text ŌĆö pixels decode back to "HI R3"
[canvas ] 30 frames | camera world (366,0) zoom 88% | focus 'VIDEO-EDITOR' | hud closed
[keys   ]  PASS  post-Esc keys move the camera again and the app receives none
[keys   ] RESULT: 5 passed, 0 failed
[keys   ] KEYBOARD ROUTING VERIFIED ŌĆö the focused app owns the keys, end to end
-- done --
-- METROPOLIS-TERMINAL: spatial canvas (interactive) --
[canvas ] 120 frames | camera world (0,0) zoom 100% | focus 'TIME-STREAM' | hud closed
-- done --
-- genuine ring-3 user mode: capability passthrough via SYSCALL trap --
[kernel ] demo device: REAL 'virtio-net' (virtio MMIO @ phys 00000000fe004000)
[kernel ] spawned pid 36 'stream-app' caps 0000000000000011 ŌĆö private PML4 @ phys 00000000015bf000
[kernel ] spawned pid 37 'sketchy-app' caps 0000000000000020 ŌĆö private PML4 @ phys 00000000015c0000
[kernel ] user program source: ELF module loaded from ISO
[elf    ] loading 'stream-app' from ISO module image at phys 00000000001f0000 (0000000000002cf8 bytes)
[elf    ] PT_LOAD vaddr 0000500000000000 filesz 0000000000002898 memsz 0000000000002898 (ro) -> mapped USER (bounds ok)

[kernel ] --> RING 3 as pid 36 'stream-app' (entry 0000500000000370, caps 0000000000000011, cr3 00000000015bf000)
  [elf:r3] user_init.elf alive at ring 3
00000000005ec0de  [elf:r3] callee-saved regs survive SYSCALL: PASS
  [elf:r3] requesting virtio MMIO window via SYSCALL...
[hw     ] GRANT  pid 36 'stream-app' -> 'virtio-net': phys 00000000fe004000 mapped at vaddr 0000400900000000 (4 pages)
  [elf:r3] virtio-net MAC read from device registers: 0000525400abcdef
  [elf:r3] opening "motd" via sys_open...
  [elf:r3] file access DENIED (this process lacks CAP_FILESYSTEM)
  [elf:r3] framebuffer access DENIED (no CAP_FRAMEBUFFER)
[kernel ] <-- RING 0: 'stream-app' returned via SYS_EXIT
[elf    ] loading 'sketchy-app' from ISO module image at phys 00000000001f0000 (0000000000002cf8 bytes)
[elf    ] PT_LOAD vaddr 0000500000000000 filesz 0000000000002898 memsz 0000000000002898 (ro) -> mapped USER (bounds ok)

[kernel ] --> RING 3 as pid 37 'sketchy-app' (entry 0000500000000370, caps 0000000000000020, cr3 00000000015c0000)
  [elf:r3] user_init.elf alive at ring 3
00000000005ec0de  [elf:r3] callee-saved regs survive SYSCALL: PASS
  [elf:r3] requesting virtio MMIO window via SYSCALL...
[hw     ] DENIED pid 37 'sketchy-app' -> 'virtio-net': lacks CAP_HW_PASSTHROUGH
  [elf:r3] passthrough DENIED, code fffffffffffffffe
  [elf:r3] opening "motd" via sys_open...
  [elf:r3] framebuffer access DENIED (no CAP_FRAMEBUFFER)
[kernel ] <-- RING 0: 'sketchy-app' returned via SYS_EXIT
[cas    ] put len 512 hash 94eaf0b091e6336f -> block 58 (stored)
[cas    ] put len 512 hash 9127645676d72bce -> block 59 (stored)
[cas    ] put len 512 hash dd1a5ac58176ef20 -> block 60 (stored)
[cas    ] put len 512 hash 80c7228381d38131 -> block 61 (stored)
[cas    ] put len 512 hash 55c6041ba15ecb16 -> block 62 (stored)
[cas    ] put len 512 hash fb903fee8330fe48 -> block 63 (stored)
[cas    ] put len 512 hash 4e9c3a64cc2b9154 -> block 64 (stored)
[cas    ] put len 512 hash 7f8175c50663f1a0 -> block 65 (stored)
[cas    ] put len 512 hash aca7a51ceaf384f8 -> block 66 (stored)
[cas    ] put len 512 hash 3685865ef465cb7f -> block 67 (stored)
[cas    ] put len 512 hash 7da144b97d054b25 -> block 68 (stored)
[cas    ] put len 512 hash 7da144b97d054b25 -> DEDUP to block 68 (no write)
[cas    ] put len 512 hash 7da144b97d054b25 -> DEDUP to block 68 (no write)
[cas    ] put len 512 hash 7da144b97d054b25 -> DEDUP to block 68 (no write)
[cas    ] put len 512 hash 7da144b97d054b25 -> DEDUP to block 68 (no write)
[cas    ] put len 512 hash 7da144b97d054b25 -> DEDUP to block 68 (no write)
[kernel ] spawned pid 38 'cas-exec' caps 0000000000000071 ŌĆö private PML4 @ phys 00000000015da000

[kernel ] exec-from-storage: running 'init' loaded from CAS (not GRUB)
[exec   ] read 8192 ELF bytes from CAS (file_hash 71523820334d96b6) ŌĆö not a GRUB module
[elf    ] reject: segment file range out of bounds
[exec   ] ELF load failed
-- done: capabilities decided per-process ŌĆö hardware for one, files
   for another, both for the CAS-loaded process. --

Type 'help' for commands, 'demo' for the capability walk-through.
outrun> 